This is pdfTeX, Version 3.14159265-2.6-1.40.17 (MiKTeX 2.9.6210 64-bit) (preloaded format=pdflatex 2017.4.21)  2 MAY 2019 13:19
entering extended mode
**./document.tex
(document.tex
LaTeX2e <2017/01/01> patch level 1
Babel <3.9r> and hyphenation patterns for 75 language(s) loaded.

(C:\Users\Standardbenutzer\AppData\Roaming\MiKTeX\2.9\tex\latex\beamer\beamer.c
ls
Document Class: beamer 2017/01/23 v3.41 A class for typesetting presentations

(C:\Users\Standardbenutzer\AppData\Roaming\MiKTeX\2.9\tex\latex\etoolbox\etoolb
ox.sty
Package: etoolbox 2017/01/02 v2.4 e-TeX tools for LaTeX (JAW)
\etb@tempcnta=\count79
)
(C:\Users\Standardbenutzer\AppData\Roaming\MiKTeX\2.9\tex\latex\beamer\beamerba
semodes.sty
\beamer@tempbox=\box26
\beamer@tempcount=\count80
\c@beamerpauses=\count81

(C:\Users\Standardbenutzer\AppData\Roaming\MiKTeX\2.9\tex\latex\beamer\beamerba
sedecode.sty
\beamer@slideinframe=\count82
\beamer@minimum=\count83
)
\beamer@commentbox=\box27
\beamer@modecount=\count84
) (D:\Programme\MiKTeX\tex\generic\oberdiek\ifpdf.sty
Package: ifpdf 2016/05/14 v3.1 Provides the ifpdf switch
)
\headheight=\dimen102
\headdp=\dimen103
\footheight=\dimen104
\sidebarheight=\dimen105
\beamer@tempdim=\dimen106
\beamer@finalheight=\dimen107
\beamer@animht=\dimen108
\beamer@animdp=\dimen109
\beamer@animwd=\dimen110
\beamer@leftmargin=\dimen111
\beamer@rightmargin=\dimen112
\beamer@leftsidebar=\dimen113
\beamer@rightsidebar=\dimen114
\beamer@boxsize=\dimen115
\beamer@vboxoffset=\dimen116
\beamer@descdefault=\dimen117
\beamer@descriptionwidth=\dimen118
\beamer@lastskip=\skip41
\beamer@areabox=\box28
\beamer@animcurrent=\box29
\beamer@animshowbox=\box30
\beamer@sectionbox=\box31
\beamer@logobox=\box32
\beamer@linebox=\box33
\beamer@sectioncount=\count85
\beamer@subsubsectionmax=\count86
\beamer@subsectionmax=\count87
\beamer@sectionmax=\count88
\beamer@totalheads=\count89
\beamer@headcounter=\count90
\beamer@partstartpage=\count91
\beamer@sectionstartpage=\count92
\beamer@subsectionstartpage=\count93
\beamer@animationtempa=\count94
\beamer@animationtempb=\count95
\beamer@xpos=\count96
\beamer@ypos=\count97
\beamer@showpartnumber=\count98
\beamer@currentsubsection=\count99
\beamer@coveringdepth=\count100
\beamer@sectionadjust=\count101
\beamer@tocsectionnumber=\count102

(C:\Users\Standardbenutzer\AppData\Roaming\MiKTeX\2.9\tex\latex\beamer\beamerba
seoptions.sty (D:\Programme\MiKTeX\tex\latex\graphics\keyval.sty
Package: keyval 2014/10/28 v1.15 key=value parser (DPC)
\KV@toks@=\toks14
))
\beamer@paperwidth=\skip42
\beamer@paperheight=\skip43

(D:\Programme\MiKTeX\tex\latex\geometry\geometry.sty
Package: geometry 2010/09/12 v5.6 Page Geometry

(D:\Programme\MiKTeX\tex\generic\oberdiek\ifvtex.sty
Package: ifvtex 2016/05/16 v1.6 Detect VTeX and its facilities (HO)
Package ifvtex Info: VTeX not detected.
)
(D:\Programme\MiKTeX\tex\generic\ifxetex\ifxetex.sty
Package: ifxetex 2010/09/12 v0.6 Provides ifxetex conditional
)
\Gm@cnth=\count103
\Gm@cntv=\count104
\c@Gm@tempcnt=\count105
\Gm@bindingoffset=\dimen119
\Gm@wd@mp=\dimen120
\Gm@odd@mp=\dimen121
\Gm@even@mp=\dimen122
\Gm@layoutwidth=\dimen123
\Gm@layoutheight=\dimen124
\Gm@layouthoffset=\dimen125
\Gm@layoutvoffset=\dimen126
\Gm@dimlist=\toks15

(D:\Programme\MiKTeX\tex\latex\geometry\geometry.cfg))
(D:\Programme\MiKTeX\tex\latex\base\size10.clo
File: size10.clo 2014/09/29 v1.4h Standard LaTeX file (size option)
)
(C:\Users\Standardbenutzer\AppData\Roaming\MiKTeX\2.9\tex\latex\pgf\basiclayer\
pgfcore.sty (D:\Programme\MiKTeX\tex\latex\graphics\graphicx.sty
Package: graphicx 2014/10/28 v1.0g Enhanced LaTeX Graphics (DPC,SPQR)

(D:\Programme\MiKTeX\tex\latex\graphics\graphics.sty
Package: graphics 2016/10/09 v1.0u Standard LaTeX Graphics (DPC,SPQR)

(D:\Programme\MiKTeX\tex\latex\graphics\trig.sty
Package: trig 2016/01/03 v1.10 sin cos tan (DPC)
)
(D:\Programme\MiKTeX\tex\latex\graphics-cfg\graphics.cfg
File: graphics.cfg 2016/06/04 v1.11 sample graphics configuration
)
Package graphics Info: Driver file: pdftex.def on input line 99.

(D:\Programme\MiKTeX\tex\latex\graphics-def\pdftex.def
File: pdftex.def 2017/01/12 v0.06k Graphics/color for pdfTeX

(D:\Programme\MiKTeX\tex\generic\oberdiek\infwarerr.sty
Package: infwarerr 2016/05/16 v1.4 Providing info/warning/error messages (HO)
)
(D:\Programme\MiKTeX\tex\generic\oberdiek\ltxcmds.sty
Package: ltxcmds 2016/05/16 v1.23 LaTeX kernel commands for general use (HO)
)
\Gread@gobject=\count106
))
\Gin@req@height=\dimen127
\Gin@req@width=\dimen128
)
(C:\Users\Standardbenutzer\AppData\Roaming\MiKTeX\2.9\tex\latex\pgf\systemlayer
\pgfsys.sty
(C:\Users\Standardbenutzer\AppData\Roaming\MiKTeX\2.9\tex\latex\pgf\utilities\p
gfrcs.sty
(C:\Users\Standardbenutzer\AppData\Roaming\MiKTeX\2.9\tex\generic\pgf\utilities
\pgfutil-common.tex
\pgfutil@everybye=\toks16
\pgfutil@tempdima=\dimen129
\pgfutil@tempdimb=\dimen130

(C:\Users\Standardbenutzer\AppData\Roaming\MiKTeX\2.9\tex\generic\pgf\utilities
\pgfutil-common-lists.tex))
(C:\Users\Standardbenutzer\AppData\Roaming\MiKTeX\2.9\tex\generic\pgf\utilities
\pgfutil-latex.def
\pgfutil@abb=\box34

(C:\Users\Standardbenutzer\AppData\Roaming\MiKTeX\2.9\tex\latex\ms\everyshi.sty
Package: everyshi 2001/05/15 v3.00 EveryShipout Package (MS)
))
(C:\Users\Standardbenutzer\AppData\Roaming\MiKTeX\2.9\tex\generic\pgf\utilities
\pgfrcs.code.tex
Package: pgfrcs 2015/08/07 v3.0.1a (rcs-revision 1.31)
))
(C:\Users\Standardbenutzer\AppData\Roaming\MiKTeX\2.9\tex\generic\pgf\systemlay
er\pgfsys.code.tex
Package: pgfsys 2014/07/09 v3.0.1a (rcs-revision 1.48)

(C:\Users\Standardbenutzer\AppData\Roaming\MiKTeX\2.9\tex\generic\pgf\utilities
\pgfkeys.code.tex
\pgfkeys@pathtoks=\toks17
\pgfkeys@temptoks=\toks18

(C:\Users\Standardbenutzer\AppData\Roaming\MiKTeX\2.9\tex\generic\pgf\utilities
\pgfkeysfiltered.code.tex
\pgfkeys@tmptoks=\toks19
))
\pgf@x=\dimen131
\pgf@y=\dimen132
\pgf@xa=\dimen133
\pgf@ya=\dimen134
\pgf@xb=\dimen135
\pgf@yb=\dimen136
\pgf@xc=\dimen137
\pgf@yc=\dimen138
\w@pgf@writea=\write3
\r@pgf@reada=\read1
\c@pgf@counta=\count107
\c@pgf@countb=\count108
\c@pgf@countc=\count109
\c@pgf@countd=\count110
\t@pgf@toka=\toks20
\t@pgf@tokb=\toks21
\t@pgf@tokc=\toks22

(C:\Users\Standardbenutzer\AppData\Roaming\MiKTeX\2.9\tex\generic\pgf\systemlay
er\pgf.cfg
File: pgf.cfg 2008/05/14  (rcs-revision 1.7)
)
Driver file for pgf: pgfsys-pdftex.def

(C:\Users\Standardbenutzer\AppData\Roaming\MiKTeX\2.9\tex\generic\pgf\systemlay
er\pgfsys-pdftex.def
File: pgfsys-pdftex.def 2014/10/11  (rcs-revision 1.35)

(C:\Users\Standardbenutzer\AppData\Roaming\MiKTeX\2.9\tex\generic\pgf\systemlay
er\pgfsys-common-pdf.def
File: pgfsys-common-pdf.def 2013/10/10  (rcs-revision 1.13)
)))
(C:\Users\Standardbenutzer\AppData\Roaming\MiKTeX\2.9\tex\generic\pgf\systemlay
er\pgfsyssoftpath.code.tex
File: pgfsyssoftpath.code.tex 2013/09/09  (rcs-revision 1.9)
\pgfsyssoftpath@smallbuffer@items=\count111
\pgfsyssoftpath@bigbuffer@items=\count112
)
(C:\Users\Standardbenutzer\AppData\Roaming\MiKTeX\2.9\tex\generic\pgf\systemlay
er\pgfsysprotocol.code.tex
File: pgfsysprotocol.code.tex 2006/10/16  (rcs-revision 1.4)
))
(C:\Users\Standardbenutzer\AppData\Roaming\MiKTeX\2.9\tex\latex\xcolor\xcolor.s
ty
Package: xcolor 2016/05/11 v2.12 LaTeX color extensions (UK)
 (D:\Programme\MiKTeX\tex\latex\graphics-cfg\color.cfg
File: color.cfg 2016/01/02 v1.6 sample color configuration
)
Package xcolor Info: Driver file: pdftex.def on input line 225.
Package xcolor Info: Model `cmy' substituted by `cmy0' on input line 1348.
Package xcolor Info: Model `hsb' substituted by `rgb' on input line 1352.
Package xcolor Info: Model `RGB' extended on input line 1364.
Package xcolor Info: Model `HTML' substituted by `rgb' on input line 1366.
Package xcolor Info: Model `Hsb' substituted by `hsb' on input line 1367.
Package xcolor Info: Model `tHsb' substituted by `hsb' on input line 1368.
Package xcolor Info: Model `HSB' substituted by `hsb' on input line 1369.
Package xcolor Info: Model `Gray' substituted by `gray' on input line 1370.
Package xcolor Info: Model `wave' substituted by `hsb' on input line 1371.
)
(C:\Users\Standardbenutzer\AppData\Roaming\MiKTeX\2.9\tex\generic\pgf\basiclaye
r\pgfcore.code.tex
Package: pgfcore 2010/04/11 v3.0.1a (rcs-revision 1.7)

(C:\Users\Standardbenutzer\AppData\Roaming\MiKTeX\2.9\tex\generic\pgf\math\pgfm
ath.code.tex
(C:\Users\Standardbenutzer\AppData\Roaming\MiKTeX\2.9\tex\generic\pgf\math\pgfm
athcalc.code.tex
(C:\Users\Standardbenutzer\AppData\Roaming\MiKTeX\2.9\tex\generic\pgf\math\pgfm
athutil.code.tex)
(C:\Users\Standardbenutzer\AppData\Roaming\MiKTeX\2.9\tex\generic\pgf\math\pgfm
athparser.code.tex
\pgfmath@dimen=\dimen139
\pgfmath@count=\count113
\pgfmath@box=\box35
\pgfmath@toks=\toks23
\pgfmath@stack@operand=\toks24
\pgfmath@stack@operation=\toks25
)
(C:\Users\Standardbenutzer\AppData\Roaming\MiKTeX\2.9\tex\generic\pgf\math\pgfm
athfunctions.code.tex
(C:\Users\Standardbenutzer\AppData\Roaming\MiKTeX\2.9\tex\generic\pgf\math\pgfm
athfunctions.basic.code.tex)
(C:\Users\Standardbenutzer\AppData\Roaming\MiKTeX\2.9\tex\generic\pgf\math\pgfm
athfunctions.trigonometric.code.tex)
(C:\Users\Standardbenutzer\AppData\Roaming\MiKTeX\2.9\tex\generic\pgf\math\pgfm
athfunctions.random.code.tex)
(C:\Users\Standardbenutzer\AppData\Roaming\MiKTeX\2.9\tex\generic\pgf\math\pgfm
athfunctions.comparison.code.tex)
(C:\Users\Standardbenutzer\AppData\Roaming\MiKTeX\2.9\tex\generic\pgf\math\pgfm
athfunctions.base.code.tex)
(C:\Users\Standardbenutzer\AppData\Roaming\MiKTeX\2.9\tex\generic\pgf\math\pgfm
athfunctions.round.code.tex)
(C:\Users\Standardbenutzer\AppData\Roaming\MiKTeX\2.9\tex\generic\pgf\math\pgfm
athfunctions.misc.code.tex)
(C:\Users\Standardbenutzer\AppData\Roaming\MiKTeX\2.9\tex\generic\pgf\math\pgfm
athfunctions.integerarithmetics.code.tex)))
(C:\Users\Standardbenutzer\AppData\Roaming\MiKTeX\2.9\tex\generic\pgf\math\pgfm
athfloat.code.tex
\c@pgfmathroundto@lastzeros=\count114
))
(C:\Users\Standardbenutzer\AppData\Roaming\MiKTeX\2.9\tex\generic\pgf\basiclaye
r\pgfcorepoints.code.tex
File: pgfcorepoints.code.tex 2013/10/07  (rcs-revision 1.27)
\pgf@picminx=\dimen140
\pgf@picmaxx=\dimen141
\pgf@picminy=\dimen142
\pgf@picmaxy=\dimen143
\pgf@pathminx=\dimen144
\pgf@pathmaxx=\dimen145
\pgf@pathminy=\dimen146
\pgf@pathmaxy=\dimen147
\pgf@xx=\dimen148
\pgf@xy=\dimen149
\pgf@yx=\dimen150
\pgf@yy=\dimen151
\pgf@zx=\dimen152
\pgf@zy=\dimen153
)
(C:\Users\Standardbenutzer\AppData\Roaming\MiKTeX\2.9\tex\generic\pgf\basiclaye
r\pgfcorepathconstruct.code.tex
File: pgfcorepathconstruct.code.tex 2013/10/07  (rcs-revision 1.29)
\pgf@path@lastx=\dimen154
\pgf@path@lasty=\dimen155
)
(C:\Users\Standardbenutzer\AppData\Roaming\MiKTeX\2.9\tex\generic\pgf\basiclaye
r\pgfcorepathusage.code.tex
File: pgfcorepathusage.code.tex 2014/11/02  (rcs-revision 1.24)
\pgf@shorten@end@additional=\dimen156
\pgf@shorten@start@additional=\dimen157
)
(C:\Users\Standardbenutzer\AppData\Roaming\MiKTeX\2.9\tex\generic\pgf\basiclaye
r\pgfcorescopes.code.tex
File: pgfcorescopes.code.tex 2015/05/08  (rcs-revision 1.46)
\pgfpic=\box36
\pgf@hbox=\box37
\pgf@layerbox@main=\box38
\pgf@picture@serial@count=\count115
)
(C:\Users\Standardbenutzer\AppData\Roaming\MiKTeX\2.9\tex\generic\pgf\basiclaye
r\pgfcoregraphicstate.code.tex
File: pgfcoregraphicstate.code.tex 2014/11/02  (rcs-revision 1.12)
\pgflinewidth=\dimen158
)
(C:\Users\Standardbenutzer\AppData\Roaming\MiKTeX\2.9\tex\generic\pgf\basiclaye
r\pgfcoretransformations.code.tex
File: pgfcoretransformations.code.tex 2015/08/07  (rcs-revision 1.20)
\pgf@pt@x=\dimen159
\pgf@pt@y=\dimen160
\pgf@pt@temp=\dimen161
)
(C:\Users\Standardbenutzer\AppData\Roaming\MiKTeX\2.9\tex\generic\pgf\basiclaye
r\pgfcorequick.code.tex
File: pgfcorequick.code.tex 2008/10/09  (rcs-revision 1.3)
)
(C:\Users\Standardbenutzer\AppData\Roaming\MiKTeX\2.9\tex\generic\pgf\basiclaye
r\pgfcoreobjects.code.tex
File: pgfcoreobjects.code.tex 2006/10/11  (rcs-revision 1.2)
)
(C:\Users\Standardbenutzer\AppData\Roaming\MiKTeX\2.9\tex\generic\pgf\basiclaye
r\pgfcorepathprocessing.code.tex
File: pgfcorepathprocessing.code.tex 2013/09/09  (rcs-revision 1.9)
)
(C:\Users\Standardbenutzer\AppData\Roaming\MiKTeX\2.9\tex\generic\pgf\basiclaye
r\pgfcorearrows.code.tex
File: pgfcorearrows.code.tex 2015/05/14  (rcs-revision 1.43)
\pgfarrowsep=\dimen162
)
(C:\Users\Standardbenutzer\AppData\Roaming\MiKTeX\2.9\tex\generic\pgf\basiclaye
r\pgfcoreshade.code.tex
File: pgfcoreshade.code.tex 2013/07/15  (rcs-revision 1.15)
\pgf@max=\dimen163
\pgf@sys@shading@range@num=\count116
)
(C:\Users\Standardbenutzer\AppData\Roaming\MiKTeX\2.9\tex\generic\pgf\basiclaye
r\pgfcoreimage.code.tex
File: pgfcoreimage.code.tex 2013/07/15  (rcs-revision 1.18)

(C:\Users\Standardbenutzer\AppData\Roaming\MiKTeX\2.9\tex\generic\pgf\basiclaye
r\pgfcoreexternal.code.tex
File: pgfcoreexternal.code.tex 2014/07/09  (rcs-revision 1.21)
\pgfexternal@startupbox=\box39
))
(C:\Users\Standardbenutzer\AppData\Roaming\MiKTeX\2.9\tex\generic\pgf\basiclaye
r\pgfcorelayers.code.tex
File: pgfcorelayers.code.tex 2013/07/18  (rcs-revision 1.7)
)
(C:\Users\Standardbenutzer\AppData\Roaming\MiKTeX\2.9\tex\generic\pgf\basiclaye
r\pgfcoretransparency.code.tex
File: pgfcoretransparency.code.tex 2013/09/30  (rcs-revision 1.5)
)
(C:\Users\Standardbenutzer\AppData\Roaming\MiKTeX\2.9\tex\generic\pgf\basiclaye
r\pgfcorepatterns.code.tex
File: pgfcorepatterns.code.tex 2013/11/07  (rcs-revision 1.5)
)))
(C:\Users\Standardbenutzer\AppData\Roaming\MiKTeX\2.9\tex\latex\pgf\utilities\x
xcolor.sty
Package: xxcolor 2003/10/24 ver 0.1
\XC@nummixins=\count117
\XC@countmixins=\count118
) (D:\Programme\MiKTeX\tex\generic\oberdiek\atbegshi.sty
Package: atbegshi 2016/06/09 v1.18 At begin shipout hook (HO)
)
(D:\Programme\MiKTeX\tex\latex\hyperref\hyperref.sty
Package: hyperref 2016/06/24 v6.83q Hypertext links for LaTeX

(D:\Programme\MiKTeX\tex\generic\oberdiek\hobsub-hyperref.sty
Package: hobsub-hyperref 2016/05/16 v1.14 Bundle oberdiek, subset hyperref (HO)


(D:\Programme\MiKTeX\tex\generic\oberdiek\hobsub-generic.sty
Package: hobsub-generic 2016/05/16 v1.14 Bundle oberdiek, subset generic (HO)
Package: hobsub 2016/05/16 v1.14 Construct package bundles (HO)
Package hobsub Info: Skipping package `infwarerr' (already loaded).
Package hobsub Info: Skipping package `ltxcmds' (already loaded).
Package: ifluatex 2016/05/16 v1.4 Provides the ifluatex switch (HO)
Package ifluatex Info: LuaTeX not detected.
Package hobsub Info: Skipping package `ifvtex' (already loaded).
Package: intcalc 2016/05/16 v1.2 Expandable calculations with integers (HO)
Package hobsub Info: Skipping package `ifpdf' (already loaded).
Package: etexcmds 2016/05/16 v1.6 Avoid name clashes with e-TeX commands (HO)
Package etexcmds Info: Could not find \expanded.
(etexcmds)             That can mean that you are not using pdfTeX 1.50 or
(etexcmds)             that some package has redefined \expanded.
(etexcmds)             In the latter case, load this package earlier.
Package: kvsetkeys 2016/05/16 v1.17 Key value parser (HO)
Package: kvdefinekeys 2016/05/16 v1.4 Define keys (HO)
Package: pdftexcmds 2016/05/21 v0.22 Utility functions of pdfTeX for LuaTeX (HO
)
Package pdftexcmds Info: LuaTeX not detected.
Package pdftexcmds Info: \pdf@primitive is available.
Package pdftexcmds Info: \pdf@ifprimitive is available.
Package pdftexcmds Info: \pdfdraftmode found.
Package: pdfescape 2016/05/16 v1.14 Implements pdfTeX's escape features (HO)
Package: bigintcalc 2016/05/16 v1.4 Expandable calculations on big integers (HO
)
Package: bitset 2016/05/16 v1.2 Handle bit-vector datatype (HO)
Package: uniquecounter 2016/05/16 v1.3 Provide unlimited unique counter (HO)
)
Package hobsub Info: Skipping package `hobsub' (already loaded).
Package: letltxmacro 2016/05/16 v1.5 Let assignment for LaTeX macros (HO)
Package: hopatch 2016/05/16 v1.3 Wrapper for package hooks (HO)
Package: xcolor-patch 2016/05/16 xcolor patch
Package: atveryend 2016/05/16 v1.9 Hooks at the very end of document (HO)
Package hobsub Info: Skipping package `atbegshi' (already loaded).
Package: refcount 2016/05/16 v3.5 Data extraction from label references (HO)
Package: hycolor 2016/05/16 v1.8 Color options for hyperref/bookmark (HO)
)
(D:\Programme\MiKTeX\tex\latex\oberdiek\auxhook.sty
Package: auxhook 2016/05/16 v1.4 Hooks for auxiliary files (HO)
)
(D:\Programme\MiKTeX\tex\latex\oberdiek\kvoptions.sty
Package: kvoptions 2016/05/16 v3.12 Key value format for package options (HO)
)
\@linkdim=\dimen164
\Hy@linkcounter=\count119
\Hy@pagecounter=\count120

(D:\Programme\MiKTeX\tex\latex\hyperref\pd1enc.def
File: pd1enc.def 2016/06/24 v6.83q Hyperref: PDFDocEncoding definition (HO)
)
\Hy@SavedSpaceFactor=\count121

(D:\Programme\MiKTeX\tex\latex\00miktex\hyperref.cfg
File: hyperref.cfg 2002/06/06 v1.2 hyperref configuration of TeXLive
)
Package hyperref Info: Option `bookmarks' set `true' on input line 4362.
Package hyperref Info: Option `bookmarksopen' set `true' on input line 4362.
Package hyperref Info: Option `implicit' set `false' on input line 4362.
Package hyperref Info: Hyper figures OFF on input line 4486.
Package hyperref Info: Link nesting OFF on input line 4491.
Package hyperref Info: Hyper index ON on input line 4494.
Package hyperref Info: Plain pages OFF on input line 4501.
Package hyperref Info: Backreferencing OFF on input line 4506.
Package hyperref Info: Implicit mode OFF; no redefinition of LaTeX internals.
Package hyperref Info: Bookmarks ON on input line 4735.
\c@Hy@tempcnt=\count122

(C:\Users\Standardbenutzer\AppData\Roaming\MiKTeX\2.9\tex\latex\url\url.sty
\Urlmuskip=\muskip10
Package: url 2013/09/16  ver 3.4  Verb mode for urls, etc.
)
LaTeX Info: Redefining \url on input line 5088.
\XeTeXLinkMargin=\dimen165
\Fld@menulength=\count123
\Field@Width=\dimen166
\Fld@charsize=\dimen167
Package hyperref Info: Hyper figures OFF on input line 6342.
Package hyperref Info: Link nesting OFF on input line 6347.
Package hyperref Info: Hyper index ON on input line 6350.
Package hyperref Info: backreferencing OFF on input line 6357.
Package hyperref Info: Link coloring OFF on input line 6362.
Package hyperref Info: Link coloring with OCG OFF on input line 6367.
Package hyperref Info: PDF/A mode OFF on input line 6372.
LaTeX Info: Redefining \ref on input line 6412.
LaTeX Info: Redefining \pageref on input line 6416.
\Hy@abspage=\count124


Package hyperref Message: Stopped early.

)

Package hyperref Message: Driver (autodetected): hpdftex.

(D:\Programme\MiKTeX\tex\latex\hyperref\hpdftex.def
File: hpdftex.def 2016/06/24 v6.83q Hyperref driver for pdfTeX
\Fld@listcount=\count125
\c@bookmark@seq@number=\count126

(D:\Programme\MiKTeX\tex\latex\oberdiek\rerunfilecheck.sty
Package: rerunfilecheck 2016/05/16 v1.8 Rerun checks for auxiliary files (HO)
Package uniquecounter Info: New unique counter `rerunfilecheck' on input line 2
82.
))
(C:\Users\Standardbenutzer\AppData\Roaming\MiKTeX\2.9\tex\latex\beamer\beamerba
serequires.sty
(C:\Users\Standardbenutzer\AppData\Roaming\MiKTeX\2.9\tex\latex\beamer\beamerba
secompatibility.sty)
(C:\Users\Standardbenutzer\AppData\Roaming\MiKTeX\2.9\tex\latex\beamer\beamerba
sefont.sty (D:\Programme\MiKTeX\tex\latex\amsfonts\amssymb.sty
Package: amssymb 2013/01/14 v3.01 AMS font symbols

(D:\Programme\MiKTeX\tex\latex\amsfonts\amsfonts.sty
Package: amsfonts 2013/01/14 v3.01 Basic AMSFonts support
\@emptytoks=\toks26
\symAMSa=\mathgroup4
\symAMSb=\mathgroup5
LaTeX Font Info:    Overwriting math alphabet `\mathfrak' in version `bold'
(Font)                  U/euf/m/n --> U/euf/b/n on input line 106.
))
(C:\Users\Standardbenutzer\AppData\Roaming\MiKTeX\2.9\tex\latex\sansmathaccent\
sansmathaccent.sty
Package: sansmathaccent 2013/03/28

(C:\Users\Standardbenutzer\AppData\Roaming\MiKTeX\2.9\tex\latex\filehook\fileho
ok.sty
Package: filehook 2011/10/12 v0.5d Hooks for input files
)))
(C:\Users\Standardbenutzer\AppData\Roaming\MiKTeX\2.9\tex\latex\beamer\beamerba
setranslator.sty
(C:\Users\Standardbenutzer\AppData\Roaming\MiKTeX\2.9\tex\latex\beamer\translat
or\translator.sty
Package: translator 2010/06/12 ver 1.10

(C:\Users\Standardbenutzer\AppData\Roaming\MiKTeX\2.9\tex\latex\beamer\translat
or\translator-language-mappings.tex)))
(C:\Users\Standardbenutzer\AppData\Roaming\MiKTeX\2.9\tex\latex\beamer\beamerba
semisc.sty)
(C:\Users\Standardbenutzer\AppData\Roaming\MiKTeX\2.9\tex\latex\beamer\beamerba
setwoscreens.sty)
(C:\Users\Standardbenutzer\AppData\Roaming\MiKTeX\2.9\tex\latex\beamer\beamerba
seoverlay.sty
\beamer@argscount=\count127
\beamer@lastskipcover=\skip44
\beamer@trivlistdepth=\count128
)
(C:\Users\Standardbenutzer\AppData\Roaming\MiKTeX\2.9\tex\latex\beamer\beamerba
setitle.sty)
(C:\Users\Standardbenutzer\AppData\Roaming\MiKTeX\2.9\tex\latex\beamer\beamerba
sesection.sty
\c@lecture=\count129
\c@part=\count130
\c@section=\count131
\c@subsection=\count132
\c@subsubsection=\count133
)
(C:\Users\Standardbenutzer\AppData\Roaming\MiKTeX\2.9\tex\latex\beamer\beamerba
seframe.sty
\beamer@framebox=\box40
\beamer@frametitlebox=\box41
\beamer@zoombox=\box42
\beamer@zoomcount=\count134
\beamer@zoomframecount=\count135
\beamer@frametextheight=\dimen168
\c@subsectionslide=\count136
\beamer@frametopskip=\skip45
\beamer@framebottomskip=\skip46
\beamer@frametopskipautobreak=\skip47
\beamer@framebottomskipautobreak=\skip48
\beamer@envbody=\toks27
\framewidth=\dimen169
\c@framenumber=\count137
)
(C:\Users\Standardbenutzer\AppData\Roaming\MiKTeX\2.9\tex\latex\beamer\beamerba
severbatim.sty
\beamer@verbatimfileout=\write4
)
(C:\Users\Standardbenutzer\AppData\Roaming\MiKTeX\2.9\tex\latex\beamer\beamerba
seframesize.sty
\beamer@splitbox=\box43
\beamer@autobreakcount=\count138
\beamer@autobreaklastheight=\dimen170
\beamer@frametitletoks=\toks28
\beamer@framesubtitletoks=\toks29
)
(C:\Users\Standardbenutzer\AppData\Roaming\MiKTeX\2.9\tex\latex\beamer\beamerba
seframecomponents.sty
\beamer@footins=\box44
)
(C:\Users\Standardbenutzer\AppData\Roaming\MiKTeX\2.9\tex\latex\beamer\beamerba
secolor.sty)
(C:\Users\Standardbenutzer\AppData\Roaming\MiKTeX\2.9\tex\latex\beamer\beamerba
senotes.sty
\beamer@frameboxcopy=\box45
)
(C:\Users\Standardbenutzer\AppData\Roaming\MiKTeX\2.9\tex\latex\beamer\beamerba
setoc.sty)
(C:\Users\Standardbenutzer\AppData\Roaming\MiKTeX\2.9\tex\latex\beamer\beamerba
setemplates.sty
\beamer@sbttoks=\toks30

(C:\Users\Standardbenutzer\AppData\Roaming\MiKTeX\2.9\tex\latex\beamer\beamerba
seauxtemplates.sty
(C:\Users\Standardbenutzer\AppData\Roaming\MiKTeX\2.9\tex\latex\beamer\beamerba
seboxes.sty
\bmb@box=\box46
\bmb@colorbox=\box47
\bmb@boxshadow=\box48
\bmb@boxshadowball=\box49
\bmb@boxshadowballlarge=\box50
\bmb@temp=\dimen171
\bmb@dima=\dimen172
\bmb@dimb=\dimen173
\bmb@prevheight=\dimen174
)
\beamer@blockheadheight=\dimen175
))
(C:\Users\Standardbenutzer\AppData\Roaming\MiKTeX\2.9\tex\latex\beamer\beamerba
selocalstructure.sty (D:\Programme\MiKTeX\tex\latex\tools\enumerate.sty
Package: enumerate 2015/07/23 v3.00 enumerate extensions (DPC)
\@enLab=\toks31
)
\c@figure=\count139
\c@table=\count140
\abovecaptionskip=\skip49
\belowcaptionskip=\skip50
)
(C:\Users\Standardbenutzer\AppData\Roaming\MiKTeX\2.9\tex\latex\beamer\beamerba
senavigation.sty
\beamer@section@min@dim=\dimen176
)
(C:\Users\Standardbenutzer\AppData\Roaming\MiKTeX\2.9\tex\latex\beamer\beamerba
setheorems.sty (D:\Programme\MiKTeX\tex\latex\amsmath\amsmath.sty
Package: amsmath 2016/11/05 v2.16a AMS math features
\@mathmargin=\skip51

For additional information on amsmath, use the `?' option.
(D:\Programme\MiKTeX\tex\latex\amsmath\amstext.sty
Package: amstext 2000/06/29 v2.01 AMS text

(D:\Programme\MiKTeX\tex\latex\amsmath\amsgen.sty
File: amsgen.sty 1999/11/30 v2.0 generic functions
\@emptytoks=\toks32
\ex@=\dimen177
))
(D:\Programme\MiKTeX\tex\latex\amsmath\amsbsy.sty
Package: amsbsy 1999/11/29 v1.2d Bold Symbols
\pmbraise@=\dimen178
)
(D:\Programme\MiKTeX\tex\latex\amsmath\amsopn.sty
Package: amsopn 2016/03/08 v2.02 operator names
)
\inf@bad=\count141
LaTeX Info: Redefining \frac on input line 213.
\uproot@=\count142
\leftroot@=\count143
LaTeX Info: Redefining \overline on input line 375.
\classnum@=\count144
\DOTSCASE@=\count145
LaTeX Info: Redefining \ldots on input line 472.
LaTeX Info: Redefining \dots on input line 475.
LaTeX Info: Redefining \cdots on input line 596.
\Mathstrutbox@=\box51
\strutbox@=\box52
\big@size=\dimen179
LaTeX Font Info:    Redeclaring font encoding OML on input line 712.
LaTeX Font Info:    Redeclaring font encoding OMS on input line 713.
\macc@depth=\count146
\c@MaxMatrixCols=\count147
\dotsspace@=\muskip11
\c@parentequation=\count148
\dspbrk@lvl=\count149
\tag@help=\toks33
\row@=\count150
\column@=\count151
\maxfields@=\count152
\andhelp@=\toks34
\eqnshift@=\dimen180
\alignsep@=\dimen181
\tagshift@=\dimen182
\tagwidth@=\dimen183
\totwidth@=\dimen184
\lineht@=\dimen185
\@envbody=\toks35
\multlinegap=\skip52
\multlinetaggap=\skip53
\mathdisplay@stack=\toks36
LaTeX Info: Redefining \[ on input line 2817.
LaTeX Info: Redefining \] on input line 2818.
)
(D:\Programme\MiKTeX\tex\latex\amscls\amsthm.sty
Package: amsthm 2015/03/04 v2.20.2
\thm@style=\toks37
\thm@bodyfont=\toks38
\thm@headfont=\toks39
\thm@notefont=\toks40
\thm@headpunct=\toks41
\thm@preskip=\skip54
\thm@postskip=\skip55
\thm@headsep=\skip56
\dth@everypar=\toks42
)
\c@theorem=\count153
)
(C:\Users\Standardbenutzer\AppData\Roaming\MiKTeX\2.9\tex\latex\beamer\beamerba
sethemes.sty))
(C:\Users\Standardbenutzer\AppData\Roaming\MiKTeX\2.9\tex\latex\beamer\themes\t
heme\beamerthemedefault.sty
(C:\Users\Standardbenutzer\AppData\Roaming\MiKTeX\2.9\tex\latex\beamer\themes\f
ont\beamerfontthemedefault.sty)
(C:\Users\Standardbenutzer\AppData\Roaming\MiKTeX\2.9\tex\latex\beamer\themes\c
olor\beamercolorthemedefault.sty)
(C:\Users\Standardbenutzer\AppData\Roaming\MiKTeX\2.9\tex\latex\beamer\themes\i
nner\beamerinnerthemedefault.sty
\beamer@dima=\dimen186
\beamer@dimb=\dimen187
)
(C:\Users\Standardbenutzer\AppData\Roaming\MiKTeX\2.9\tex\latex\beamer\themes\o
uter\beamerouterthemedefault.sty)))
(C:\Users\Standardbenutzer\AppData\Roaming\MiKTeX\2.9\tex\latex\booktabs\bookta
bs.sty
Package: booktabs 2005/04/14 v1.61803 publication quality tables
\heavyrulewidth=\dimen188
\lightrulewidth=\dimen189
\cmidrulewidth=\dimen190
\belowrulesep=\dimen191
\belowbottomsep=\dimen192
\aboverulesep=\dimen193
\abovetopsep=\dimen194
\cmidrulesep=\dimen195
\cmidrulekern=\dimen196
\defaultaddspace=\dimen197
\@cmidla=\count154
\@cmidlb=\count155
\@aboverulesep=\dimen198
\@belowrulesep=\dimen199
\@thisruleclass=\count156
\@lastruleclass=\count157
\@thisrulewidth=\dimen256
)
(C:\Users\Standardbenutzer\AppData\Roaming\MiKTeX\2.9\tex\latex\beamer\themes\c
olor\beamercolorthemestructure.sty)
(C:\Users\Standardbenutzer\AppData\Roaming\MiKTeX\2.9\tex\latex\beamer\themes\f
ont\beamerfontthemeprofessionalfonts.sty)
(C:\Users\Standardbenutzer\AppData\Roaming\MiKTeX\2.9\tex\latex\beamer\themes\f
ont\beamerfontthemeserif.sty) (document.aux)
\openout1 = `document.aux'.

LaTeX Font Info:    Checking defaults for OML/cmm/m/it on input line 55.
LaTeX Font Info:    ... okay on input line 55.
LaTeX Font Info:    Checking defaults for T1/cmr/m/n on input line 55.
LaTeX Font Info:    ... okay on input line 55.
LaTeX Font Info:    Checking defaults for OT1/cmr/m/n on input line 55.
LaTeX Font Info:    ... okay on input line 55.
LaTeX Font Info:    Checking defaults for OMS/cmsy/m/n on input line 55.
LaTeX Font Info:    ... okay on input line 55.
LaTeX Font Info:    Checking defaults for OMX/cmex/m/n on input line 55.
LaTeX Font Info:    ... okay on input line 55.
LaTeX Font Info:    Checking defaults for U/cmr/m/n on input line 55.
LaTeX Font Info:    ... okay on input line 55.
LaTeX Font Info:    Checking defaults for PD1/pdf/m/n on input line 55.
LaTeX Font Info:    ... okay on input line 55.

*geometry* driver: auto-detecting
*geometry* detected driver: pdftex
*geometry* verbose mode - [ preamble ] result:
* driver: pdftex
* paper: custom
* layout: <same size as paper>
* layoutoffset:(h,v)=(0.0pt,0.0pt)
* modes: includehead includefoot 
* h-part:(L,W,R)=(28.45274pt, 307.28987pt, 28.45274pt)
* v-part:(T,H,B)=(0.0pt, 273.14662pt, 0.0pt)
* \paperwidth=364.19536pt
* \paperheight=273.14662pt
* \textwidth=307.28987pt
* \textheight=244.6939pt
* \oddsidemargin=-43.81725pt
* \evensidemargin=-43.81725pt
* \topmargin=-72.26999pt
* \headheight=14.22636pt
* \headsep=0.0pt
* \topskip=10.0pt
* \footskip=14.22636pt
* \marginparwidth=3.0pt
* \marginparsep=11.0pt
* \columnsep=10.0pt
* \skip\footins=9.0pt plus 4.0pt minus 2.0pt
* \hoffset=0.0pt
* \voffset=0.0pt
* \mag=1000
* \@twocolumnfalse
* \@twosidefalse
* \@mparswitchfalse
* \@reversemarginfalse
* (1in=72.27pt=25.4mm, 1cm=28.453pt)


(C:\Users\Standardbenutzer\AppData\Roaming\MiKTeX\2.9\tex\context\base\supp-pdf
.mkii
[Loading MPS to PDF converter (version 2006.09.02).]
\scratchcounter=\count158
\scratchdimen=\dimen257
\scratchbox=\box53
\nofMPsegments=\count159
\nofMParguments=\count160
\everyMPshowfont=\toks43
\MPscratchCnt=\count161
\MPscratchDim=\dimen258
\MPnumerator=\count162
\makeMPintoPDFobject=\count163
\everyMPtoPDFconversion=\toks44
) (D:\Programme\MiKTeX\tex\latex\oberdiek\epstopdf-base.sty
Package: epstopdf-base 2016/05/15 v2.6 Base part for package epstopdf

(D:\Programme\MiKTeX\tex\latex\oberdiek\grfext.sty
Package: grfext 2016/05/16 v1.2 Manage graphics extensions (HO)
)
Package epstopdf-base Info: Redefining graphics rule for `.eps' on input line 4
38.
Package grfext Info: Graphics extension search list:
(grfext)             [.png,.pdf,.jpg,.mps,.jpeg,.jbig2,.jb2,.PNG,.PDF,.JPG,.JPE
G,.JBIG2,.JB2,.eps]
(grfext)             \AppendGraphicsExtensions on input line 456.
)
ABD: EveryShipout initializing macros
\AtBeginShipoutBox=\box54
Package hyperref Info: Link coloring OFF on input line 55.

(D:\Programme\MiKTeX\tex\latex\hyperref\nameref.sty
Package: nameref 2016/05/21 v2.44 Cross-referencing by name of section

(D:\Programme\MiKTeX\tex\generic\oberdiek\gettitlestring.sty
Package: gettitlestring 2016/05/16 v1.5 Cleanup title references (HO)
)
\c@section@level=\count164
)
LaTeX Info: Redefining \ref on input line 55.
LaTeX Info: Redefining \pageref on input line 55.
LaTeX Info: Redefining \nameref on input line 55.
 (document.out)
(document.out)
\@outlinefile=\write5
\openout5 = `document.out'.


(C:\Users\Standardbenutzer\AppData\Roaming\MiKTeX\2.9\tex\latex\beamer\translat
or\dicts\translator-basic-dictionary\translator-basic-dictionary-English.dict
Dictionary: translator-basic-dictionary, Language: English 
)
(C:\Users\Standardbenutzer\AppData\Roaming\MiKTeX\2.9\tex\latex\beamer\translat
or\dicts\translator-bibliography-dictionary\translator-bibliography-dictionary-
English.dict
Dictionary: translator-bibliography-dictionary, Language: English 
)
(C:\Users\Standardbenutzer\AppData\Roaming\MiKTeX\2.9\tex\latex\beamer\translat
or\dicts\translator-environment-dictionary\translator-environment-dictionary-En
glish.dict
Dictionary: translator-environment-dictionary, Language: English 
)
(C:\Users\Standardbenutzer\AppData\Roaming\MiKTeX\2.9\tex\latex\beamer\translat
or\dicts\translator-months-dictionary\translator-months-dictionary-English.dict
Dictionary: translator-months-dictionary, Language: English 
)
(C:\Users\Standardbenutzer\AppData\Roaming\MiKTeX\2.9\tex\latex\beamer\translat
or\dicts\translator-numbers-dictionary\translator-numbers-dictionary-English.di
ct
Dictionary: translator-numbers-dictionary, Language: English 
)
(C:\Users\Standardbenutzer\AppData\Roaming\MiKTeX\2.9\tex\latex\beamer\translat
or\dicts\translator-theorem-dictionary\translator-theorem-dictionary-English.di
ct
Dictionary: translator-theorem-dictionary, Language: English 
)
LaTeX Info: Redefining \includegraphics on input line 55.
 (document.nav)
LaTeX Font Info:    Try loading font information for U+msa on input line 55.
 (D:\Programme\MiKTeX\tex\latex\amsfonts\umsa.fd
File: umsa.fd 2013/01/14 v3.01 AMS symbols A
)
LaTeX Font Info:    Try loading font information for U+msb on input line 55.

(D:\Programme\MiKTeX\tex\latex\amsfonts\umsb.fd
File: umsb.fd 2013/01/14 v3.01 AMS symbols B
) [1

{C:/Users/Standardbenutzer/AppData/Local/MiKTeX/2.9/pdftex/config/pdftex.map}]
<images/background.png, id=24, 1927.2pt x 1362.08875pt>
File: images/background.png Graphic file (type png)

<use images/background.png>
Package pdftex.def Info: images/background.png used on input line 74.
(pdftex.def)             Requested size: 364.19536pt x 257.38626pt.


LaTeX Font Warning: Font shape `OT1/cmr/m/n' in size <4> not available
(Font)              size <5> substituted on input line 74.

[2

 <./images/background.png>]
File: images/background.png Graphic file (type png)
 <use images/background.png>
Package pdftex.def Info: images/background.png used on input line 87.
(pdftex.def)             Requested size: 364.19536pt x 257.38626pt.
 [3

]
File: images/background.png Graphic file (type png)

<use images/background.png>
Package pdftex.def Info: images/background.png used on input line 104.
(pdftex.def)             Requested size: 364.19536pt x 257.38626pt.
 [4

]
File: images/background.png Graphic file (type png)
 <use images/background.png>
Package pdftex.def Info: images/background.png used on input line 124.
(pdftex.def)             Requested size: 364.19536pt x 257.38626pt.
 [5

]
File: images/background.png Graphic file (type png)

<use images/background.png>
Package pdftex.def Info: images/background.png used on input line 144.
(pdftex.def)             Requested size: 364.19536pt x 257.38626pt.
 [6

]
File: images/background.png Graphic file (type png)
 <use images/background.png>
Package pdftex.def Info: images/background.png used on input line 153.
(pdftex.def)             Requested size: 364.19536pt x 257.38626pt.
 [7

]
File: images/background.png Graphic file (type png)

<use images/background.png>
Package pdftex.def Info: images/background.png used on input line 177.
(pdftex.def)             Requested size: 364.19536pt x 257.38626pt.
 [8

]
\openout4 = `document.vrb'.

 (document.vrb)
File: images/background.png Graphic file (type png)
 <use images/background.png>
Package pdftex.def Info: images/background.png used on input line 186.
(pdftex.def)             Requested size: 364.19536pt x 257.38626pt.

[9

]
File: images/background.png Graphic file (type png)
 <use images/background.png>
Package pdftex.def Info: images/background.png used on input line 199.
(pdftex.def)             Requested size: 364.19536pt x 257.38626pt.
 [10

 <C:/Users/Standardbenutzer/AppData/Roaming/MiKTeX/2.9/tex/latex/beamer/art/bea
mericonarticle.pdf>]
File: images/background.png Graphic file (type png)

<use images/background.png>
Package pdftex.def Info: images/background.png used on input line 205.
(pdftex.def)             Requested size: 364.19536pt x 257.38626pt.
 [11

]
\tf@nav=\write6
\openout6 = `document.nav'.

\tf@toc=\write7
\openout7 = `document.toc'.

\tf@snm=\write8
\openout8 = `document.snm'.

Package atveryend Info: Empty hook `BeforeClearDocument' on input line 209.
Package atveryend Info: Empty hook `AfterLastShipout' on input line 209.
 (document.aux)
Package atveryend Info: Executing hook `AtVeryEndDocument' on input line 209.
Package atveryend Info: Executing hook `AtEndAfterFileList' on input line 209.
Package rerunfilecheck Info: File `document.out' has not changed.
(rerunfilecheck)             Checksum: C15976562B57BE6A57C5EDE260D490DB;50.


LaTeX Font Warning: Size substitutions with differences
(Font)              up to 1.0pt have occurred.

 ) 
Here is how much of TeX's memory you used:
 17062 strings out of 493333
 328931 string characters out of 3142635
 393493 words of memory out of 3000000
 20169 multiletter control sequences out of 15000+200000
 8311 words of font info for 32 fonts, out of 3000000 for 9000
 1141 hyphenation exceptions out of 8191
 56i,13n,55p,776b,516s stack positions out of 5000i,500n,10000p,200000b,50000s
<D:/Programme/MiKTeX/fonts/type1/public/amsfonts/cm/cmbx10.pfb><D:/Programme/
MiKTeX/fonts/type1/public/amsfonts/cm/cmmi10.pfb><D:/Programme/MiKTeX/fonts/typ
e1/public/amsfonts/cm/cmr10.pfb><D:/Programme/MiKTeX/fonts/type1/public/amsfont
s/cm/cmr12.pfb><D:/Programme/MiKTeX/fonts/type1/public/amsfonts/cm/cmr17.pfb><D
:/Programme/MiKTeX/fonts/type1/public/amsfonts/cm/cmr5.pfb><D:/Programme/MiKTeX
/fonts/type1/public/amsfonts/cm/cmr7.pfb><D:/Programme/MiKTeX/fonts/type1/publi
c/amsfonts/cm/cmr8.pfb><D:/Programme/MiKTeX/fonts/type1/public/amsfonts/cm/cmr9
.pfb><D:/Programme/MiKTeX/fonts/type1/public/amsfonts/cm/cmsy10.pfb><D:/Program
me/MiKTeX/fonts/type1/public/amsfonts/cm/cmti8.pfb><D:/Programme/MiKTeX/fonts/t
ype1/public/amsfonts/cm/cmtt10.pfb>
Output written on document.pdf (11 pages, 345412 bytes).
PDF statistics:
 143 PDF objects out of 1000 (max. 8388607)
 25 named destinations out of 1000 (max. 500000)
 56 words of extra memory for PDF output out of 10000 (max. 10000000)

