\BOOKMARK [0][-]{chapter.1}{Zusammenfassung - Netzwerke II}{}% 1
\BOOKMARK [1][-]{section.1.1}{Drahtlose Netzwerke}{chapter.1}% 2
\BOOKMARK [2][-]{subsection.1.1.1}{Grundlagen}{section.1.1}% 3
\BOOKMARK [2][-]{subsection.1.1.2}{Wireless Local Area Networks}{section.1.1}% 4
\BOOKMARK [2][-]{subsection.1.1.3}{Personal Area Networks \(PAN\)}{section.1.1}% 5
\BOOKMARK [2][-]{subsection.1.1.4}{Zellulare Netzwerke}{section.1.1}% 6
\BOOKMARK [2][-]{subsection.1.1.5}{Long Term Evolution \(LTE, LTE-A\)}{section.1.1}% 7
\BOOKMARK [2][-]{subsection.1.1.6}{5G}{section.1.1}% 8
\BOOKMARK [2][-]{subsection.1.1.7}{Zusammenfassung Drahtlose Netzwerke}{section.1.1}% 9
\BOOKMARK [1][-]{section.1.2}{Security}{chapter.1}% 10
\BOOKMARK [2][-]{subsection.1.2.1}{Grundlagen}{section.1.2}% 11
\BOOKMARK [2][-]{subsection.1.2.2}{Grundlagen der Kryptographie}{section.1.2}% 12
\BOOKMARK [2][-]{subsection.1.2.3}{Secure Sockets Layer \(SSL\)}{section.1.2}% 13
\BOOKMARK [2][-]{subsection.1.2.4}{TLS v1.3}{section.1.2}% 14
\BOOKMARK [2][-]{subsection.1.2.5}{Enterprise Transport Security \(ETS\)}{section.1.2}% 15
\BOOKMARK [2][-]{subsection.1.2.6}{Virtual Private Networks \(VPN\)}{section.1.2}% 16
\BOOKMARK [2][-]{subsection.1.2.7}{IPSec}{section.1.2}% 17
\BOOKMARK [2][-]{subsection.1.2.8}{Alternative VPN Protokolle}{section.1.2}% 18
\BOOKMARK [2][-]{subsection.1.2.9}{Sichere WLANs}{section.1.2}% 19
\BOOKMARK [2][-]{subsection.1.2.10}{DNS Security Extensions \(DNSSEC\)}{section.1.2}% 20
\BOOKMARK [2][-]{subsection.1.2.11}{DNS over TLS}{section.1.2}% 21
\BOOKMARK [2][-]{subsection.1.2.12}{DNS over HTTPS}{section.1.2}% 22
