This is pdfTeX, Version 3.14159265-2.6-1.40.20 (MiKTeX 2.9.7050 64-bit) (preloaded format=pdflatex 2019.6.1)  17 JUN 2019 18:46
entering extended mode
**./document.tex
(document.tex
LaTeX2e <2018-12-01>
(C:\Users\Test\AppData\Roaming\MiKTeX\2.9\tex/latex/koma-script\scrreprt.cls
Document Class: scrreprt 2019/02/01 v3.26b KOMA-Script document class (report)
(C:\Users\Test\AppData\Roaming\MiKTeX\2.9\tex/latex/koma-script\scrkbase.sty
Package: scrkbase 2019/02/01 v3.26b KOMA-Script package (KOMA-Script-dependent 
basics and keyval usage)

(C:\Users\Test\AppData\Roaming\MiKTeX\2.9\tex/latex/koma-script\scrbase.sty
Package: scrbase 2019/02/01 v3.26b KOMA-Script package (KOMA-Script-independent
 basics and keyval usage)

("C:\Program Files\MiKTeX 2.9\tex/latex/graphics\keyval.sty"
Package: keyval 2014/10/28 v1.15 key=value parser (DPC)
\KV@toks@=\toks14
)
(C:\Users\Test\AppData\Roaming\MiKTeX\2.9\tex/latex/koma-script\scrlfile.sty
Package: scrlfile 2019/02/01 v3.26b KOMA-Script package (loading files)
))) (C:\Users\Test\AppData\Roaming\MiKTeX\2.9\tex/latex/koma-script\tocbasic.st
y
Package: tocbasic 2019/02/01 v3.26b KOMA-Script package (handling toc-files)
\scr@dte@tocline@numberwidth=\skip41
\scr@dte@tocline@numbox=\box27
)
Package tocbasic Info: omitting babel extension for `toc'
(tocbasic)             because of feature `nobabel' available
(tocbasic)             for `toc' on input line 136.
Class scrreprt Info: You've used standard option `openany'.
(scrreprt)           This is correct!
(scrreprt)           Internally I'm using `open=any'.
(scrreprt)           If you'd like to set the option with \KOMAoptions,
(scrreprt)           you'd have to use `open=any' there
(scrreprt)           instead of `openany', too.
Class scrreprt Info: You've used standard option `openright'.
(scrreprt)           This is correct!
(scrreprt)           Internally I'm using `open=right'.
(scrreprt)           If you'd like to set the option with \KOMAoptions,
(scrreprt)           you'd have to use `open=right' there
(scrreprt)           instead of `openright', too.


Package scrreprt Warning: You've used obsolete option `8pt'.
(scrreprt)                Usage of this option indicates an old document
(scrreprt)                and changes compatibility level using
(scrreprt)                `fontsize=8pt,version=first,
(scrreprt)                enabledeprecatedfontcommands' that may result
(scrreprt)                in further warnings.
(scrreprt)                If you don't want this, you should simply
(scrreprt)                replace option `8pt' by `fontsize=8pt'.

Class scrreprt Info: Switching compatibility level to `first'.

Class scrreprt Warning: deprecated option `enabledeprecatedfontcommands'.
(scrreprt)              Note, that this option was already depreacted when
(scrreprt)              it has been defined. Support for old font commands
(scrreprt)              has been removed from KOMA-Script more than one
(scrreprt)              decade ago. It is not recommended to use them any
(scrreprt)              longer. Therefore usage of this class option also
(scrreprt)              is not recommended.


Class scrreprt Warning: You've used obsolete option `bibtotoc'.
(scrreprt)              Usage of this option indicates an old document
(scrreprt)              and changes compatibility level using
(scrreprt)              `bibliography=totoc,version=first,
(scrreprt)              enabledeprecatedfontcommands' that may result
(scrreprt)              in further warnings.
(scrreprt)              If you don't want this, you should simply
(scrreprt)              replace option `bibtotoc' by `bibliography=totoc'.

Class scrreprt Info: Switching compatibility level to `first'.

Class scrreprt Warning: deprecated option `enabledeprecatedfontcommands'.
(scrreprt)              Note, that this option was already depreacted when
(scrreprt)              it has been defined. Support for old font commands
(scrreprt)              has been removed from KOMA-Script more than one
(scrreprt)              decade ago. It is not recommended to use them any
(scrreprt)              longer. Therefore usage of this class option also
(scrreprt)              is not recommended.

Class scrreprt Info: File `size8.clo' used to setup font sizes on input line 23
73.
(C:\Users\Test\AppData\Roaming\MiKTeX\2.9\tex/latex/extsizes\size8.clo
File: size8.clo 1999/11/11 v1.4a NON-Standard LaTeX file (size option)
)
(C:\Users\Test\AppData\Roaming\MiKTeX\2.9\tex/latex/koma-script\typearea.sty
Package: typearea 2019/02/01 v3.26b KOMA-Script package (type area)
\ta@bcor=\skip42
\ta@div=\count80
\ta@hblk=\skip43
\ta@vblk=\skip44
\ta@temp=\skip45
\footheight=\skip46


Package typearea Warning: Bad type area settings!
(typearea)                The detected line width is about 66%
(typearea)                larger than the heuristically estimated maximum
(typearea)                limit of typographical good line width.
(typearea)                You should e.g. decrease DIV, increase fontsize
(typearea)                or change papersize.

Package typearea Info: These are the values describing the layout:
(typearea)             DIV  = 15
(typearea)             BCOR = -28.45274pt
(typearea)             \paperwidth      = 597.50793pt
(typearea)              \textwidth      = 500.76859pt
(typearea)              DIV departure   = -66%
(typearea)              \evensidemargin = -38.1267pt
(typearea)              \oddsidemargin  = -38.1267pt
(typearea)             \paperheight     = 845.04694pt
(typearea)              \textheight     = 654.0pt
(typearea)              \topmargin      = -15.93353pt
(typearea)              \headheight     = 11.875pt
(typearea)              \headsep        = 14.25pt
(typearea)              \topskip        = 8.0pt
(typearea)              \footskip       = 33.25pt
(typearea)              \baselineskip   = 9.5pt
(typearea)              on input line 1715.
)
\c@part=\count81
\c@chapter=\count82
\c@section=\count83
\c@subsection=\count84
\c@subsubsection=\count85
\c@paragraph=\count86
\c@subparagraph=\count87
\scr@dte@chapter@maxnumwidth=\skip47
Class scrreprt Info: using compatibility default `afterindent=bysign'
(scrreprt)           for `\chapter on input line 5305.
\scr@dte@section@maxnumwidth=\skip48
Class scrreprt Info: using compatibility default `runin=bysign'
(scrreprt)           for `\section on input line 5315.
Class scrreprt Info: using compatibility default `afterindent=bysign'
(scrreprt)           for `\section on input line 5315.
\scr@dte@part@maxnumwidth=\skip49
Class scrreprt Info: using compatibility default `afterindent=true'
(scrreprt)           for `\part on input line 5324.
\scr@dte@subsection@maxnumwidth=\skip50
Class scrreprt Info: using compatibility default `runin=bysign'
(scrreprt)           for `\subsection on input line 5334.
Class scrreprt Info: using compatibility default `afterindent=bysign'
(scrreprt)           for `\subsection on input line 5334.
\scr@dte@subsubsection@maxnumwidth=\skip51
Class scrreprt Info: using compatibility default `runin=bysign'
(scrreprt)           for `\subsubsection on input line 5344.
Class scrreprt Info: using compatibility default `afterindent=bysign'
(scrreprt)           for `\subsubsection on input line 5344.
\scr@dte@paragraph@maxnumwidth=\skip52
Class scrreprt Info: using compatibility default `runin=bysign'
(scrreprt)           for `\paragraph on input line 5354.
Class scrreprt Info: using compatibility default `afterindent=bysign'
(scrreprt)           for `\paragraph on input line 5354.
\scr@dte@subparagraph@maxnumwidth=\skip53
Class scrreprt Info: using compatibility default `runin=bysign'
(scrreprt)           for `\subparagraph on input line 5364.
Class scrreprt Info: using compatibility default `afterindent=bysign'
(scrreprt)           for `\subparagraph on input line 5364.
\abovecaptionskip=\skip54
\belowcaptionskip=\skip55
\c@pti@nb@sid@b@x=\box28
Package tocbasic Info: omitting babel extension for `lof'
(tocbasic)             because of feature `nobabel' available
(tocbasic)             for `lof' on input line 6613.
\scr@dte@figure@maxnumwidth=\skip56
\c@figure=\count88
Package tocbasic Info: omitting babel extension for `lot'
(tocbasic)             because of feature `nobabel' available
(tocbasic)             for `lot' on input line 6630.
\scr@dte@table@maxnumwidth=\skip57
\c@table=\count89
Class scrreprt Info: Using old \@makefntext due to compatibility level
(scrreprt)           less than 3.22 on input line 6786.
Class scrreprt Info: Redefining `\numberline' on input line 6799.
\bibindent=\dimen102
) (C:\Users\Test\AppData\Roaming\MiKTeX\2.9\tex/latex/koma-script\scrpage2.sty
Package: scrpage2 2019/02/01 v3.26b KOMA-Script package (page head and foot)

Package scrpage2 Warning: usage of obsolete package!
(scrpage2)                Package `scrpage2' is obsolete.
(scrpage2)                You should not longer use package `scrpage2'.
(scrpage2)                You should replace usage of package `scrpage2'
(scrpage2)                by `scrlayer-scrpage' on input line 52.

LaTeX Info: Redefining \pagemark on input line 180.
) ("C:\Program Files\MiKTeX 2.9\tex/latex/base\inputenc.sty"
Package: inputenc 2018/08/11 v1.3c Input encoding file
\inpenc@prehook=\toks15
\inpenc@posthook=\toks16

("C:\Program Files\MiKTeX 2.9\tex/latex/base\latin1.def"
File: latin1.def 2018/08/11 v1.3c Input encoding file
))
("C:\Program Files\MiKTeX 2.9\tex/generic/babel\babel.sty"
Package: babel 2019/05/04 3.31 The Babel package

("C:\Program Files\MiKTeX 2.9\tex/generic/babel\switch.def"
File: switch.def 2019/05/04 3.31 Babel switching mechanism
)
*************************************
* Local config file bblopts.cfg used
*
(C:\Users\Test\AppData\Roaming\MiKTeX\2.9\tex/latex/arabi\bblopts.cfg
File: bblopts.cfg 2005/09/08 v0.1 add Arabic and Farsi to "declared" options of
 babel
)
("C:\Program Files\MiKTeX 2.9\tex/latex/babel-german\german.ldf"
Language: german 2018/12/08 v2.11 German support for babel (pre-1996 orthograph
y)

("C:\Program Files\MiKTeX 2.9\tex/latex/babel-german\germanb.ldf"
Language: germanb 2018/12/08 v2.11 German support for babel (pre-1996 orthograp
hy)

("C:\Program Files\MiKTeX 2.9\tex/generic/babel\babel.def"
File: babel.def 2019/05/04 3.31 Babel common definitions
\babel@savecnt=\count90
\U@D=\dimen103

("C:\Program Files\MiKTeX 2.9\tex/generic/babel\txtbabel.def")
\bbl@dirlevel=\count91
)
Package babel Info: Making " an active character on input line 135.
))
("C:\Program Files\MiKTeX 2.9\tex/latex/babel-english\english.ldf"
Language: english 2017/06/06 v3.3r English support from the babel system
\l@canadian = a dialect from \language\l@american 
\l@australian = a dialect from \language\l@british 
\l@newzealand = a dialect from \language\l@british 
)
("C:\Program Files\MiKTeX 2.9\tex/latex/babel-german\ngerman.ldf"
Language: ngerman 2018/12/08 v2.11 German support for babel (post-1996 orthogra
phy)

("C:\Program Files\MiKTeX 2.9\tex/latex/babel-german\ngermanb.ldf"
Language: ngermanb 2018/12/08 v2.11 German support for babel (post-1996 orthogr
aphy)
)))
("C:\Program Files\MiKTeX 2.9\tex/latex/base\fontenc.sty"
Package: fontenc 2018/08/11 v2.0j Standard LaTeX package

("C:\Program Files\MiKTeX 2.9\tex/latex/base\t1enc.def"
File: t1enc.def 2018/08/11 v2.0j Standard LaTeX file
LaTeX Font Info:    Redeclaring font encoding T1 on input line 48.
))
("C:\Program Files\MiKTeX 2.9\tex/latex/lm\lmodern.sty"
Package: lmodern 2009/10/30 v1.6 Latin Modern Fonts
LaTeX Font Info:    Overwriting symbol font `operators' in version `normal'
(Font)                  OT1/cmr/m/n --> OT1/lmr/m/n on input line 22.
LaTeX Font Info:    Overwriting symbol font `letters' in version `normal'
(Font)                  OML/cmm/m/it --> OML/lmm/m/it on input line 23.
LaTeX Font Info:    Overwriting symbol font `symbols' in version `normal'
(Font)                  OMS/cmsy/m/n --> OMS/lmsy/m/n on input line 24.
LaTeX Font Info:    Overwriting symbol font `largesymbols' in version `normal'
(Font)                  OMX/cmex/m/n --> OMX/lmex/m/n on input line 25.
LaTeX Font Info:    Overwriting symbol font `operators' in version `bold'
(Font)                  OT1/cmr/bx/n --> OT1/lmr/bx/n on input line 26.
LaTeX Font Info:    Overwriting symbol font `letters' in version `bold'
(Font)                  OML/cmm/b/it --> OML/lmm/b/it on input line 27.
LaTeX Font Info:    Overwriting symbol font `symbols' in version `bold'
(Font)                  OMS/cmsy/b/n --> OMS/lmsy/b/n on input line 28.
LaTeX Font Info:    Overwriting symbol font `largesymbols' in version `bold'
(Font)                  OMX/cmex/m/n --> OMX/lmex/m/n on input line 29.
LaTeX Font Info:    Overwriting math alphabet `\mathbf' in version `normal'
(Font)                  OT1/cmr/bx/n --> OT1/lmr/bx/n on input line 31.
LaTeX Font Info:    Overwriting math alphabet `\mathsf' in version `normal'
(Font)                  OT1/cmss/m/n --> OT1/lmss/m/n on input line 32.
LaTeX Font Info:    Overwriting math alphabet `\mathit' in version `normal'
(Font)                  OT1/cmr/m/it --> OT1/lmr/m/it on input line 33.
LaTeX Font Info:    Overwriting math alphabet `\mathtt' in version `normal'
(Font)                  OT1/cmtt/m/n --> OT1/lmtt/m/n on input line 34.
LaTeX Font Info:    Overwriting math alphabet `\mathbf' in version `bold'
(Font)                  OT1/cmr/bx/n --> OT1/lmr/bx/n on input line 35.
LaTeX Font Info:    Overwriting math alphabet `\mathsf' in version `bold'
(Font)                  OT1/cmss/bx/n --> OT1/lmss/bx/n on input line 36.
LaTeX Font Info:    Overwriting math alphabet `\mathit' in version `bold'
(Font)                  OT1/cmr/bx/it --> OT1/lmr/bx/it on input line 37.
LaTeX Font Info:    Overwriting math alphabet `\mathtt' in version `bold'
(Font)                  OT1/cmtt/m/n --> OT1/lmtt/m/n on input line 38.
)
(C:\Users\Test\AppData\Roaming\MiKTeX\2.9\tex/latex/setspace\setspace.sty
Package: setspace 2011/12/19 v6.7a set line spacing
)
("C:\Program Files\MiKTeX 2.9\tex/latex/amsmath\amsmath.sty"
Package: amsmath 2018/12/01 v2.17b AMS math features
\@mathmargin=\skip58

For additional information on amsmath, use the `?' option.
("C:\Program Files\MiKTeX 2.9\tex/latex/amsmath\amstext.sty"
Package: amstext 2000/06/29 v2.01 AMS text

("C:\Program Files\MiKTeX 2.9\tex/latex/amsmath\amsgen.sty"
File: amsgen.sty 1999/11/30 v2.0 generic functions
\@emptytoks=\toks17
\ex@=\dimen104
))
("C:\Program Files\MiKTeX 2.9\tex/latex/amsmath\amsbsy.sty"
Package: amsbsy 1999/11/29 v1.2d Bold Symbols
\pmbraise@=\dimen105
)
("C:\Program Files\MiKTeX 2.9\tex/latex/amsmath\amsopn.sty"
Package: amsopn 2016/03/08 v2.02 operator names
)
\inf@bad=\count92
LaTeX Info: Redefining \frac on input line 223.
\uproot@=\count93
\leftroot@=\count94
LaTeX Info: Redefining \overline on input line 385.
\classnum@=\count95
\DOTSCASE@=\count96
LaTeX Info: Redefining \ldots on input line 482.
LaTeX Info: Redefining \dots on input line 485.
LaTeX Info: Redefining \cdots on input line 606.
\Mathstrutbox@=\box29
\strutbox@=\box30
\big@size=\dimen106
LaTeX Font Info:    Redeclaring font encoding OML on input line 729.
LaTeX Font Info:    Redeclaring font encoding OMS on input line 730.
\macc@depth=\count97
\c@MaxMatrixCols=\count98
\dotsspace@=\muskip10
\c@parentequation=\count99
\dspbrk@lvl=\count100
\tag@help=\toks18
\row@=\count101
\column@=\count102
\maxfields@=\count103
\andhelp@=\toks19
\eqnshift@=\dimen107
\alignsep@=\dimen108
\tagshift@=\dimen109
\tagwidth@=\dimen110
\totwidth@=\dimen111
\lineht@=\dimen112
\@envbody=\toks20
\multlinegap=\skip59
\multlinetaggap=\skip60
\mathdisplay@stack=\toks21
LaTeX Info: Redefining \[ on input line 2844.
LaTeX Info: Redefining \] on input line 2845.
)
("C:\Program Files\MiKTeX 2.9\tex/latex/base\makeidx.sty"
Package: makeidx 2014/09/29 v1.0m Standard LaTeX package
)
\@indexfile=\write3
\openout3 = `document.idx'.


Writing index file document.idx
("C:\Program Files\MiKTeX 2.9\tex/latex/graphics\graphicx.sty"
Package: graphicx 2017/06/01 v1.1a Enhanced LaTeX Graphics (DPC,SPQR)

("C:\Program Files\MiKTeX 2.9\tex/latex/graphics\graphics.sty"
Package: graphics 2017/06/25 v1.2c Standard LaTeX Graphics (DPC,SPQR)

("C:\Program Files\MiKTeX 2.9\tex/latex/graphics\trig.sty"
Package: trig 2016/01/03 v1.10 sin cos tan (DPC)
)
("C:\Program Files\MiKTeX 2.9\tex/latex/graphics-cfg\graphics.cfg"
File: graphics.cfg 2016/06/04 v1.11 sample graphics configuration
)
Package graphics Info: Driver file: pdftex.def on input line 99.

("C:\Program Files\MiKTeX 2.9\tex/latex/graphics-def\pdftex.def"
File: pdftex.def 2018/01/08 v1.0l Graphics/color driver for pdftex
))
\Gin@req@height=\dimen113
\Gin@req@width=\dimen114
)
("C:\Program Files\MiKTeX 2.9\tex/latex/float\float.sty"
Package: float 2001/11/08 v1.3d Float enhancements (AL)
\c@float@type=\count104
\float@exts=\toks22
\float@box=\box31
\@float@everytoks=\toks23
\@floatcapt=\box32
)
("C:\Program Files\MiKTeX 2.9\tex/latex/hyperref\hyperref.sty"
Package: hyperref 2018/11/30 v6.88e Hypertext links for LaTeX

("C:\Program Files\MiKTeX 2.9\tex/generic/oberdiek\hobsub-hyperref.sty"
Package: hobsub-hyperref 2016/05/16 v1.14 Bundle oberdiek, subset hyperref (HO)


("C:\Program Files\MiKTeX 2.9\tex/generic/oberdiek\hobsub-generic.sty"
Package: hobsub-generic 2016/05/16 v1.14 Bundle oberdiek, subset generic (HO)
Package: hobsub 2016/05/16 v1.14 Construct package bundles (HO)
Package: infwarerr 2016/05/16 v1.4 Providing info/warning/error messages (HO)
Package: ltxcmds 2016/05/16 v1.23 LaTeX kernel commands for general use (HO)
Package: ifluatex 2016/05/16 v1.4 Provides the ifluatex switch (HO)
Package ifluatex Info: LuaTeX not detected.
Package: ifvtex 2016/05/16 v1.6 Detect VTeX and its facilities (HO)
Package ifvtex Info: VTeX not detected.
Package: intcalc 2016/05/16 v1.2 Expandable calculations with integers (HO)
Package: ifpdf 2018/09/07 v3.3 Provides the ifpdf switch
Package: etexcmds 2016/05/16 v1.6 Avoid name clashes with e-TeX commands (HO)
Package: kvsetkeys 2016/05/16 v1.17 Key value parser (HO)
Package: kvdefinekeys 2016/05/16 v1.4 Define keys (HO)
Package: pdftexcmds 2018/09/10 v0.29 Utility functions of pdfTeX for LuaTeX (HO
)
Package pdftexcmds Info: LuaTeX not detected.
Package pdftexcmds Info: \pdf@primitive is available.
Package pdftexcmds Info: \pdf@ifprimitive is available.
Package pdftexcmds Info: \pdfdraftmode found.
Package: pdfescape 2016/05/16 v1.14 Implements pdfTeX's escape features (HO)
Package: bigintcalc 2016/05/16 v1.4 Expandable calculations on big integers (HO
)
Package: bitset 2016/05/16 v1.2 Handle bit-vector datatype (HO)
Package: uniquecounter 2016/05/16 v1.3 Provide unlimited unique counter (HO)
)
Package hobsub Info: Skipping package `hobsub' (already loaded).
Package: letltxmacro 2016/05/16 v1.5 Let assignment for LaTeX macros (HO)
Package: hopatch 2016/05/16 v1.3 Wrapper for package hooks (HO)
Package: xcolor-patch 2016/05/16 xcolor patch
Package: atveryend 2016/05/16 v1.9 Hooks at the very end of document (HO)
Package atveryend Info: \enddocument detected (standard20110627).
Package: atbegshi 2016/06/09 v1.18 At begin shipout hook (HO)
Package: refcount 2016/05/16 v3.5 Data extraction from label references (HO)
Package: hycolor 2016/05/16 v1.8 Color options for hyperref/bookmark (HO)
)
("C:\Program Files\MiKTeX 2.9\tex/generic/ifxetex\ifxetex.sty"
Package: ifxetex 2010/09/12 v0.6 Provides ifxetex conditional
)
("C:\Program Files\MiKTeX 2.9\tex/latex/oberdiek\auxhook.sty"
Package: auxhook 2016/05/16 v1.4 Hooks for auxiliary files (HO)
)
("C:\Program Files\MiKTeX 2.9\tex/latex/oberdiek\kvoptions.sty"
Package: kvoptions 2016/05/16 v3.12 Key value format for package options (HO)
)
\@linkdim=\dimen115
\Hy@linkcounter=\count105
\Hy@pagecounter=\count106

("C:\Program Files\MiKTeX 2.9\tex/latex/hyperref\pd1enc.def"
File: pd1enc.def 2018/11/30 v6.88e Hyperref: PDFDocEncoding definition (HO)
Now handling font encoding PD1 ...
... no UTF-8 mapping file for font encoding PD1
)
\Hy@SavedSpaceFactor=\count107

("C:\Program Files\MiKTeX 2.9\tex/latex/00miktex\hyperref.cfg"
File: hyperref.cfg 2002/06/06 v1.2 hyperref configuration of TeXLive
)
Package hyperref Info: Hyper figures OFF on input line 4519.
Package hyperref Info: Link nesting OFF on input line 4524.
Package hyperref Info: Hyper index ON on input line 4527.
Package hyperref Info: Plain pages OFF on input line 4534.
Package hyperref Info: Backreferencing OFF on input line 4539.
Package hyperref Info: Implicit mode ON; LaTeX internals redefined.
Package hyperref Info: Bookmarks ON on input line 4772.
\c@Hy@tempcnt=\count108

(C:\Users\Test\AppData\Roaming\MiKTeX\2.9\tex/latex/url\url.sty
\Urlmuskip=\muskip11
Package: url 2013/09/16  ver 3.4  Verb mode for urls, etc.
)
LaTeX Info: Redefining \url on input line 5125.
\XeTeXLinkMargin=\dimen116
\Fld@menulength=\count109
\Field@Width=\dimen117
\Fld@charsize=\dimen118
Package hyperref Info: Hyper figures OFF on input line 6380.
Package hyperref Info: Link nesting OFF on input line 6385.
Package hyperref Info: Hyper index ON on input line 6388.
Package hyperref Info: backreferencing OFF on input line 6395.
Package hyperref Info: Link coloring OFF on input line 6400.
Package hyperref Info: Link coloring with OCG OFF on input line 6405.
Package hyperref Info: PDF/A mode OFF on input line 6410.
LaTeX Info: Redefining \ref on input line 6450.
LaTeX Info: Redefining \pageref on input line 6454.
\Hy@abspage=\count110
\c@Item=\count111
\c@Hfootnote=\count112
)
Package hyperref Info: Driver (autodetected): hpdftex.

("C:\Program Files\MiKTeX 2.9\tex/latex/hyperref\hpdftex.def"
File: hpdftex.def 2018/11/30 v6.88e Hyperref driver for pdfTeX
\Fld@listcount=\count113
\c@bookmark@seq@number=\count114

("C:\Program Files\MiKTeX 2.9\tex/latex/oberdiek\rerunfilecheck.sty"
Package: rerunfilecheck 2016/05/16 v1.8 Rerun checks for auxiliary files (HO)
Package uniquecounter Info: New unique counter `rerunfilecheck' on input line 2
82.
)
\Hy@SectionHShift=\skip61
)
(C:\Users\Test\AppData\Roaming\MiKTeX\2.9\tex/latex/nomencl\nomencl.sty
Package: nomencl 2019/05/05 v5.2 Nomenclature package

("C:\Program Files\MiKTeX 2.9\tex/latex/xkeyval\xkeyval.sty"
Package: xkeyval 2014/12/03 v2.7a package option processing (HA)

("C:\Program Files\MiKTeX 2.9\tex/generic/xkeyval\xkeyval.tex"
("C:\Program Files\MiKTeX 2.9\tex/generic/xkeyval\xkvutils.tex"
\XKV@toks=\toks24
\XKV@tempa@toks=\toks25
)
\XKV@depth=\count115
File: xkeyval.tex 2014/12/03 v2.7a key=value parser (HA)
))
("C:\Program Files\MiKTeX 2.9\tex/latex/base\ifthen.sty"
Package: ifthen 2014/09/29 v1.1c Standard LaTeX ifthen package (DPC)
)
Package tocbasic Info: setting babel extension for `nlo' on input line 155.
Package tocbasic Info: setting babel extension for `nls' on input line 156.
\nomlabelwidth=\dimen119
\nom@tempdim=\dimen120
\nomitemsep=\skip62
)
\@nomenclaturefile=\write4
\openout4 = `document.nlo'.

Package nomencl Info: Writing nomenclature file document.nlo on input line 99.

(C:\Users\Test\AppData\Roaming\MiKTeX\2.9\tex/latex/listings\listings.sty
\lst@mode=\count116
\lst@gtempboxa=\box33
\lst@token=\toks26
\lst@length=\count117
\lst@currlwidth=\dimen121
\lst@column=\count118
\lst@pos=\count119
\lst@lostspace=\dimen122
\lst@width=\dimen123
\lst@newlines=\count120
\lst@lineno=\count121
\lst@maxwidth=\dimen124

(C:\Users\Test\AppData\Roaming\MiKTeX\2.9\tex/latex/listings\lstmisc.sty
File: lstmisc.sty 2019/02/27 1.8b (Carsten Heinz)
\c@lstnumber=\count122
\lst@skipnumbers=\count123
\lst@framebox=\box34
)
(C:\Users\Test\AppData\Roaming\MiKTeX\2.9\tex/latex/listings\listings.cfg
File: listings.cfg 2019/02/27 1.8b listings configuration
))
Package: listings 2019/02/27 1.8b (Carsten Heinz)

("C:\Program Files\MiKTeX 2.9\tex/latex/graphics\color.sty"
Package: color 2016/07/10 v1.1e Standard LaTeX Color (DPC)

("C:\Program Files\MiKTeX 2.9\tex/latex/graphics-cfg\color.cfg"
File: color.cfg 2016/01/02 v1.6 sample color configuration
)
Package color Info: Driver file: pdftex.def on input line 147.
)
("C:\Program Files\MiKTeX 2.9\tex/latex/psnfss\courier.sty"
Package: courier 2005/04/12 PSNFSS-v9.2a (WaS) 
)
(C:\Users\Test\AppData\Roaming\MiKTeX\2.9\tex/latex/caption\caption.sty
Package: caption 2018/10/06 v3.3-154 Customizing captions (AR)

(C:\Users\Test\AppData\Roaming\MiKTeX\2.9\tex/latex/caption\caption3.sty
Package: caption3 2018/09/12 v1.8c caption3 kernel (AR)
Package caption3 Info: TeX engine: e-TeX on input line 64.
\captionmargin=\dimen125
\captionmargin@=\dimen126
\captionwidth=\dimen127
\caption@tempdima=\dimen128
\caption@indent=\dimen129
\caption@parindent=\dimen130
\caption@hangindent=\dimen131
)
Package caption Info: KOMA-Script document class.
\c@caption@flags=\count124
\c@ContinuedFloat=\count125
Package caption Info: float package is loaded.
Package caption Info: hyperref package is loaded.
Package caption Info: listings package is loaded.
)
(C:\Users\Test\AppData\Roaming\MiKTeX\2.9\tex/latex/subfig\subfig.sty
Package: subfig 2005/06/28 ver: 1.3 subfig package
\c@KVtest=\count126
\sf@farskip=\skip63
\sf@captopadj=\dimen132
\sf@capskip=\skip64
\sf@nearskip=\skip65
\c@subfigure=\count127
\c@subfigure@save=\count128
\c@lofdepth=\count129
\c@subtable=\count130
\c@subtable@save=\count131
\c@lotdepth=\count132
\sf@top=\skip66
\sf@bottom=\skip67
)

Class scrreprt Warning: Usage of package `titlesec' together
(scrreprt)              with a KOMA-Script class is not recommended.
(scrreprt)              I'd suggest to use the package only
(scrreprt)              if you really need it, because it breaks several
(scrreprt)              KOMA-Script features, i.e., option `headings' and
(scrreprt)              the extended optional argument of the section
(scrreprt)              commands.
(scrreprt)              Nevertheless, using requested
(scrreprt)              package `titlesec' on input line 108.

(C:\Users\Test\AppData\Roaming\MiKTeX\2.9\tex/latex/titlesec\titlesec.sty
Package: titlesec 2016/03/21 v2.10.2 Sectioning titles
\ttl@box=\box35
\beforetitleunit=\skip68
\aftertitleunit=\skip69
\ttl@plus=\dimen133
\ttl@minus=\dimen134
\ttl@toksa=\toks27
\titlewidth=\dimen135
\titlewidthlast=\dimen136
\titlewidthfirst=\dimen137


Package titlesec Warning: Non standard sectioning command detected
(titlesec)                Using default spacing and no format.


Package titlesec Warning: Non standard sectioning command detected
(titlesec)                Using default spacing and no format.


Package titlesec Warning: Non standard sectioning command detected
(titlesec)                Using default spacing and no format.


Package titlesec Warning: Non standard sectioning command detected
(titlesec)                Using default spacing and no format.


Package titlesec Warning: Non standard sectioning command detected
(titlesec)                Using default spacing and no format.

)

Class scrreprt Warning: Activating an ugly workaround for a missing
(scrreprt)              feature of package `titlesec` on input line 108.

(C:\Users\Test\AppData\Roaming\MiKTeX\2.9\tex/latex/makecell\makecell.sty
Package: makecell 2009/08/03 V0.1e Managing of Tab Column Heads and Cells

("C:\Program Files\MiKTeX 2.9\tex/latex/tools\array.sty"
Package: array 2018/12/30 v2.4k Tabular extension package (FMi)
\col@sep=\dimen138
\ar@mcellbox=\box36
\extrarowheight=\dimen139
\NC@list=\toks28
\extratabsurround=\skip70
\backup@length=\skip71
\ar@cellbox=\box37
)
\rotheadsize=\dimen140
\c@nlinenum=\count133
\TeXr@lab=\toks29
)
(C:\Users\Test\AppData\Roaming\MiKTeX\2.9\tex/latex/enumitem\enumitem.sty
Package: enumitem 2019/02/04 v3.8 Customized lists
\labelindent=\skip72
\enit@outerparindent=\dimen141
\enit@toks=\toks30
\enit@inbox=\box38
\enit@count@id=\count134
\enitdp@description=\count135
)
(C:\Users\Test\AppData\Roaming\MiKTeX\2.9\tex/latex/xcolor\xcolor.sty
Package: xcolor 2016/05/11 v2.12 LaTeX color extensions (UK)

("C:\Program Files\MiKTeX 2.9\tex/latex/graphics-cfg\color.cfg"
File: color.cfg 2016/01/02 v1.6 sample color configuration
)
Package xcolor Info: Driver file: pdftex.def on input line 225.
LaTeX Info: Redefining \color on input line 709.
Package xcolor Info: Model `cmy' substituted by `cmy0' on input line 1348.
Package xcolor Info: Model `hsb' substituted by `rgb' on input line 1352.
Package xcolor Info: Model `RGB' extended on input line 1364.
Package xcolor Info: Model `HTML' substituted by `rgb' on input line 1366.
Package xcolor Info: Model `Hsb' substituted by `hsb' on input line 1367.
Package xcolor Info: Model `tHsb' substituted by `hsb' on input line 1368.
Package xcolor Info: Model `HSB' substituted by `hsb' on input line 1369.
Package xcolor Info: Model `Gray' substituted by `gray' on input line 1370.
Package xcolor Info: Model `wave' substituted by `hsb' on input line 1371.
)
("C:\Program Files\MiKTeX 2.9\tex/latex/multirow\multirow.sty"
Package: multirow 2019/01/01 v2.4 Span multiple rows of a table
\multirow@colwidth=\skip73
\multirow@cntb=\count136
\multirow@dima=\skip74
\bigstrutjot=\dimen142
)
(C:\Users\Test\AppData\Roaming\MiKTeX\2.9\tex/latex/listings\lstlang1.sty
File: lstlang1.sty 2019/02/27 1.8b listings language file
)
(C:\Users\Test\AppData\Roaming\MiKTeX\2.9\tex/latex/listings\lstmisc.sty
File: lstmisc.sty 2019/02/27 1.8b (Carsten Heinz)
)
(C:\Users\Test\AppData\Roaming\MiKTeX\2.9\tex/latex/chngcntr\chngcntr.sty
Package: chngcntr 2018/04/09 v1.1a change counter resetting
Package chngcntr Info: \counterwithout already defined.
(chngcntr)             Quitting chngcntr on input line 21.
)
(document.aux)
\openout1 = `document.aux'.

LaTeX Font Info:    Checking defaults for OML/cmm/m/it on input line 208.
LaTeX Font Info:    ... okay on input line 208.
LaTeX Font Info:    Checking defaults for T1/cmr/m/n on input line 208.
LaTeX Font Info:    ... okay on input line 208.
LaTeX Font Info:    Checking defaults for OT1/cmr/m/n on input line 208.
LaTeX Font Info:    ... okay on input line 208.
LaTeX Font Info:    Checking defaults for OMS/cmsy/m/n on input line 208.
LaTeX Font Info:    ... okay on input line 208.
LaTeX Font Info:    Checking defaults for OMX/cmex/m/n on input line 208.
LaTeX Font Info:    ... okay on input line 208.
LaTeX Font Info:    Checking defaults for U/cmr/m/n on input line 208.
LaTeX Font Info:    ... okay on input line 208.
LaTeX Font Info:    Checking defaults for PD1/pdf/m/n on input line 208.
LaTeX Font Info:    ... okay on input line 208.
LaTeX Font Info:    Try loading font information for T1+lmr on input line 208.
 ("C:\Program Files\MiKTeX 2.9\tex/latex/lm\t1lmr.fd"
File: t1lmr.fd 2009/10/30 v1.6 Font defs for Latin Modern
)

Package scrpage2 Warning: seems you are using a very small headheight.
(scrpage2)                If you get overfull \vbox warnings at almost every
(scrpage2)                page, you should increase headheight e.g. writing
(scrpage2)                 \setlength{\headheight}{1.1\baselineskip}
(scrpage2)                into the preamble of your document.
(scrpage2)                A better solution would be to use typearea package.

(C:\Users\Test\AppData\Roaming\MiKTeX\2.9\tex/context/base/mkii\supp-pdf.mkii
[Loading MPS to PDF converter (version 2006.09.02).]
\scratchcounter=\count137
\scratchdimen=\dimen143
\scratchbox=\box39
\nofMPsegments=\count138
\nofMParguments=\count139
\everyMPshowfont=\toks31
\MPscratchCnt=\count140
\MPscratchDim=\dimen144
\MPnumerator=\count141
\makeMPintoPDFobject=\count142
\everyMPtoPDFconversion=\toks32
) ("C:\Program Files\MiKTeX 2.9\tex/latex/oberdiek\epstopdf-base.sty"
Package: epstopdf-base 2016/05/15 v2.6 Base part for package epstopdf

("C:\Program Files\MiKTeX 2.9\tex/latex/oberdiek\grfext.sty"
Package: grfext 2016/05/16 v1.2 Manage graphics extensions (HO)
)
Package epstopdf-base Info: Redefining graphics rule for `.eps' on input line 4
38.
Package grfext Info: Graphics extension search list:
(grfext)             [.pdf,.png,.jpg,.mps,.jpeg,.jbig2,.jb2,.PDF,.PNG,.JPG,.JPE
G,.JBIG2,.JB2,.eps]
(grfext)             \AppendGraphicsExtensions on input line 456.
)
\AtBeginShipoutBox=\box40
Package hyperref Info: Link coloring OFF on input line 208.

("C:\Program Files\MiKTeX 2.9\tex/latex/hyperref\nameref.sty"
Package: nameref 2016/05/21 v2.44 Cross-referencing by name of section

("C:\Program Files\MiKTeX 2.9\tex/generic/oberdiek\gettitlestring.sty"
Package: gettitlestring 2016/05/16 v1.5 Cleanup title references (HO)
)
\c@section@level=\count143
)
LaTeX Info: Redefining \ref on input line 208.
LaTeX Info: Redefining \pageref on input line 208.
LaTeX Info: Redefining \nameref on input line 208.

(document.out) (document.out)
\@outlinefile=\write5
\openout5 = `document.out'.

Class scrreprt Info: loading recommended package `bookmark'.
(scrreprt)           Using `bookmark' together with `hyperref' is recommended,
(scrreprt)           because of handling of possible bookmark level gaps.
(scrreprt)           You can avoid loading `bookmark' with KOMA-Script option
(scrreprt)           `bookmarkpackage=false' before \begin{document} and
(scrreprt)           you can avoid this message with `\usepackage{bookmark}'
(scrreprt)           before \begin{document} on input line 208.

("C:\Program Files\MiKTeX 2.9\tex/latex/oberdiek\bookmark.sty"
Package: bookmark 2016/05/17 v1.26 PDF bookmarks (HO)

("C:\Program Files\MiKTeX 2.9\tex/latex/oberdiek\bkm-pdftex.def"
File: bkm-pdftex.def 2016/05/17 v1.26 bookmark driver for pdfTeX (HO)
Package auxhook Info: \AddLineBeginMainAux comes a little late,
(auxhook)             because the main .aux file is already opened on input lin
e 164.
\BKM@id=\count144
))
\c@lstlisting=\count145
Package caption Info: Begin \AtBeginDocument code.
Package caption Info: subfig package v1.3 is loaded.
Package caption Info: End \AtBeginDocument code.

chapter 1.

Class scrreprt Warning: \float@addtolists detected!
(scrreprt)              Implementation of \float@addtolist became
(scrreprt)              deprecated in KOMA-Script v3.01 2008/11/14 and
(scrreprt)              has been replaced by several more flexible
(scrreprt)              features of package `tocbasic`.
(scrreprt)              Since Version 3.12 support for deprecated
(scrreprt)              \float@addtolist interface has been
(scrreprt)              restricted to only some of the KOMA-Script
(scrreprt)              features and been removed from others.
(scrreprt)              Loading of package `scrhack' may help to
(scrreprt)              avoid this warning, if you are using a
(scrreprt)              a package that still implements the
(scrreprt)              deprecated \float@addtolist interface .

LaTeX Font Info:    Try loading font information for OT1+lmr on input line 233.

("C:\Program Files\MiKTeX 2.9\tex/latex/lm\ot1lmr.fd"
File: ot1lmr.fd 2009/10/30 v1.6 Font defs for Latin Modern
)
LaTeX Font Info:    Try loading font information for OML+lmm on input line 233.


("C:\Program Files\MiKTeX 2.9\tex/latex/lm\omllmm.fd"
File: omllmm.fd 2009/10/30 v1.6 Font defs for Latin Modern
)
LaTeX Font Info:    Try loading font information for OMS+lmsy on input line 233
.

("C:\Program Files\MiKTeX 2.9\tex/latex/lm\omslmsy.fd"
File: omslmsy.fd 2009/10/30 v1.6 Font defs for Latin Modern
)
LaTeX Font Info:    Try loading font information for OMX+lmex on input line 233
.

("C:\Program Files\MiKTeX 2.9\tex/latex/lm\omxlmex.fd"
File: omxlmex.fd 2009/10/30 v1.6 Font defs for Latin Modern
)
LaTeX Font Info:    External font `lmex10' loaded for size
(Font)              <8> on input line 233.
LaTeX Font Info:    External font `lmex10' loaded for size
(Font)              <6> on input line 233.
LaTeX Font Info:    External font `lmex10' loaded for size
(Font)              <5> on input line 233.

Overfull \hbox (53.14468pt too wide) in paragraph at lines 233--252
[][]  [] 
 []

LaTeX Font Info:    Try loading font information for OMS+lmr on input line 256.

("C:\Program Files\MiKTeX 2.9\tex/latex/lm\omslmr.fd"
File: omslmr.fd 2009/10/30 v1.6 Font defs for Latin Modern
)
LaTeX Font Info:    Font shape `OMS/lmr/m/n' in size <8> not available
(Font)              Font shape `OMS/lmsy/m/n' tried instead on input line 256.

Underfull \hbox (badness 10000) in paragraph at lines 266--272

 []


Overfull \vbox (1.79988pt too high) has occurred while \output is active []


[1



{C:/Users/Test/AppData/Local/MiKTeX/2.9/pdftex/config/pdftex.map}]
Overfull \hbox (21.22226pt too wide) in paragraph at lines 296--297
[][] 
 []

<images/wlan_protokollstack.png, id=19, 635.37375pt x 255.95625pt>
File: images/wlan_protokollstack.png Graphic file (type png)
<use images/wlan_protokollstack.png>
Package pdftex.def Info: images/wlan_protokollstack.png  used on input line 313
.
(pdftex.def)             Requested size: 209.67398pt x 84.46582pt.
<images/wlan_kanal_ueberlappung.png, id=21, 532.99126pt x 255.20343pt>
File: images/wlan_kanal_ueberlappung.png Graphic file (type png)
<use images/wlan_kanal_ueberlappung.png>
Package pdftex.def Info: images/wlan_kanal_ueberlappung.png  used on input line
 332.
(pdftex.def)             Requested size: 191.87671pt x 91.87315pt.

Overfull \hbox (20.7014pt too wide) in paragraph at lines 329--337
 [] 
 []


Overfull \hbox (20.03368pt too wide) in paragraph at lines 338--340
[] 
 []


Overfull \vbox (1.79988pt too high) has occurred while \output is active []


[2 <./images/wlan_protokollstack.png> <./images/wlan_kanal_ueberlappung.png>]
<images/wlan_layer_2_acks.png, id=43, 320.69812pt x 386.19281pt>
File: images/wlan_layer_2_acks.png Graphic file (type png)
<use images/wlan_layer_2_acks.png>
Package pdftex.def Info: images/wlan_layer_2_acks.png  used on input line 353.
(pdftex.def)             Requested size: 96.21017pt x 115.85872pt.

Overfull \hbox (47.16223pt too wide) in paragraph at lines 350--356
 [] 
 []


Overfull \hbox (29.08842pt too wide) in paragraph at lines 363--364
[][] 
 []

<images/wlan_rts_cts_sequence_chart.png, id=44, 703.12688pt x 438.13687pt>
File: images/wlan_rts_cts_sequence_chart.png Graphic file (type png)
<use images/wlan_rts_cts_sequence_chart.png>
Package pdftex.def Info: images/wlan_rts_cts_sequence_chart.png  used on input 
line 371.
(pdftex.def)             Requested size: 210.93968pt x 131.44206pt.

Overfull \hbox (45.76747pt too wide) in paragraph at lines 370--374
[][] 
 []

<images/wlan_rahmen.png, id=45, 990.70125pt x 377.91188pt>
File: images/wlan_rahmen.png Graphic file (type png)
<use images/wlan_rahmen.png>
Package pdftex.def Info: images/wlan_rahmen.png  used on input line 377.
(pdftex.def)             Requested size: 326.93242pt x 124.7113pt.

Overfull \hbox (60.68198pt too wide) in paragraph at lines 375--380
[] 
 []


Overfull \hbox (61.09665pt too wide) in paragraph at lines 381--382
[][] 
 []


Overfull \vbox (1.79988pt too high) has occurred while \output is active []


[3 <./images/wlan_layer_2_acks.png> <./images/wlan_rts_cts_sequence_chart.png> 
<./images/wlan_rahmen.png>]
Overfull \hbox (44.89078pt too wide) in paragraph at lines 388--394
[] 
 []


Underfull \hbox (badness 10000) in paragraph at lines 395--397

 []

<images/bluetooth_stack.png, id=52, 898.10532pt x 565.36218pt>
File: images/bluetooth_stack.png Graphic file (type png)
<use images/bluetooth_stack.png>
Package pdftex.def Info: images/bluetooth_stack.png  used on input line 399.
(pdftex.def)             Requested size: 269.43367pt x 169.60995pt.

Overfull \hbox (74.81477pt too wide) in paragraph at lines 398--402
[][] 
 []


Overfull \hbox (9.32237pt too wide) in paragraph at lines 406--412
[] 
 []


Overfull \hbox (55.61328pt too wide) in paragraph at lines 416--418
[] 
 []


Overfull \hbox (56.66646pt too wide) in paragraph at lines 416--418
[] 
 []


Overfull \hbox (7.99672pt too wide) in paragraph at lines 420--423
[] 
 []


Overfull \vbox (1.79988pt too high) has occurred while \output is active []


[4 <./images/bluetooth_stack.png>]
<images/gsm_netzaufbau.png, id=60, 1307.88625pt x 721.69624pt>
File: images/gsm_netzaufbau.png Graphic file (type png)
<use images/gsm_netzaufbau.png>
Package pdftex.def Info: images/gsm_netzaufbau.png  used on input line 427.
(pdftex.def)             Requested size: 170.03117pt x 93.8238pt.

Overfull \hbox (38.28073pt too wide) in paragraph at lines 425--430
[] 
 []

<images/gsm_gprs_netzaufbau.png, id=61, 1270.7475pt x 784.9325pt>
File: images/gsm_gprs_netzaufbau.png Graphic file (type png)
<use images/gsm_gprs_netzaufbau.png>
Package pdftex.def Info: images/gsm_gprs_netzaufbau.png  used on input line 432
.
(pdftex.def)             Requested size: 228.72467pt x 141.28175pt.

Overfull \hbox (70.16579pt too wide) in paragraph at lines 431--435
[][] 
 []

<images/mobilitaetsmanagement.png, id=62, 554.82281pt x 325.96782pt>
File: images/mobilitaetsmanagement.png Graphic file (type png)
<use images/mobilitaetsmanagement.png>
Package pdftex.def Info: images/mobilitaetsmanagement.png  used on input line 4
38.
(pdftex.def)             Requested size: 166.44812pt x 97.79109pt.

Overfull \hbox (53.53983pt too wide) in paragraph at lines 436--441
[] 
 []


Overfull \vbox (1.79988pt too high) has occurred while \output is active []


[5 <./images/gsm_netzaufbau.png> <./images/gsm_gprs_netzaufbau.png> <./images/m
obilitaetsmanagement.png>]
<images/inter_msc_handover.png, id=70, 408.02437pt x 319.94531pt>
File: images/inter_msc_handover.png Graphic file (type png)
<use images/inter_msc_handover.png>
Package pdftex.def Info: images/inter_msc_handover.png  used on input line 473.

(pdftex.def)             Requested size: 122.40825pt x 95.98433pt.
<images/3g_netzarchitektur.png, id=71, 730.73pt x 541.02126pt>
File: images/3g_netzarchitektur.png Graphic file (type png)
<use images/3g_netzarchitektur.png>
Package pdftex.def Info: images/3g_netzarchitektur.png  used on input line 479.

(pdftex.def)             Requested size: 164.4183pt x 121.73277pt.

Overfull \hbox (35.93996pt too wide) in paragraph at lines 471--486
[] 
 []


Overfull \hbox (37.57341pt too wide) in paragraph at lines 471--486
[] 
 []


Overfull \hbox (65.46242pt too wide) in paragraph at lines 471--486
[] 
 []

<images/long_term_evolution.png, id=72, 773.89125pt x 606.265pt>
File: images/long_term_evolution.png Graphic file (type png)
<use images/long_term_evolution.png>
Package pdftex.def Info: images/long_term_evolution.png  used on input line 491
.
(pdftex.def)             Requested size: 154.7755pt x 121.25084pt.

Overfull \hbox (58.70734pt too wide) in paragraph at lines 490--494
[] 
 []


Underfull \hbox (badness 10000) in paragraph at lines 490--494

 []


Overfull \hbox (27.08034pt too wide) in paragraph at lines 498--503
[] 
 []


Overfull \hbox (16.07918pt too wide) in paragraph at lines 507--510
[] 
 []


Overfull \hbox (13.92484pt too wide) in paragraph at lines 507--510
[] 
 []


Overfull \vbox (1.79988pt too high) has occurred while \output is active []


[6 <./images/inter_msc_handover.png> <./images/3g_netzarchitektur.png> <./image
s/long_term_evolution.png>]
Overfull \hbox (20.86926pt too wide) in paragraph at lines 529--534
| [] 
 []


Overfull \hbox (34.25354pt too wide) in paragraph at lines 544--545
[][] 
 []


Overfull \hbox (20.61296pt too wide) in paragraph at lines 546--547
[][] 
 []


Overfull \hbox (42.98863pt too wide) in paragraph at lines 556--560
[] 
 []


Overfull \hbox (51.95317pt too wide) in paragraph at lines 556--560
[] 
 []


Underfull \hbox (badness 10000) in paragraph at lines 574--578

 []


Overfull \hbox (28.05878pt too wide) in paragraph at lines 581--583
[] 
 []


Underfull \hbox (badness 10000) in paragraph at lines 581--583

 []


Underfull \hbox (badness 10000) in paragraph at lines 585--587

 []


Overfull \vbox (1.79988pt too high) has occurred while \output is active []


[7]
Overfull \hbox (38.44778pt too wide) in paragraph at lines 600--607
[] 
 []


Underfull \hbox (badness 10000) in paragraph at lines 600--607

 []


Underfull \hbox (badness 10000) in paragraph at lines 609--611

 []


Overfull \hbox (52.08717pt too wide) in paragraph at lines 613--616
[] 
 []


Overfull \hbox (37.29787pt too wide) in paragraph at lines 613--616
[] 
 []


Underfull \hbox (badness 10000) in paragraph at lines 613--616

 []


Underfull \hbox (badness 10000) in paragraph at lines 618--621

 []


Underfull \hbox (badness 10000) in paragraph at lines 623--629

 []


Overfull \hbox (33.00989pt too wide) in paragraph at lines 631--635
[] 
 []


Underfull \hbox (badness 10000) in paragraph at lines 631--635

 []


Overfull \hbox (53.39333pt too wide) in paragraph at lines 637--643
[] 
 []

<images/ssl_layerstack.png, id=91, 153.57375pt x 320.69812pt>
File: images/ssl_layerstack.png Graphic file (type png)
<use images/ssl_layerstack.png>
Package pdftex.def Info: images/ssl_layerstack.png  used on input line 656.
(pdftex.def)             Requested size: 38.39334pt x 80.17433pt.

Overfull \hbox (33.47456pt too wide) in paragraph at lines 655--659
[] 
 []


Overfull \vbox (1.79988pt too high) has occurred while \output is active []


[8 <./images/ssl_layerstack.png>]
<images/ssl_handshake.png, id=98, 604.2575pt x 498.86375pt>
File: images/ssl_handshake.png Graphic file (type png)
<use images/ssl_handshake.png>
Package pdftex.def Info: images/ssl_handshake.png  used on input line 664.
(pdftex.def)             Requested size: 151.064pt x 124.71562pt.

Overfull \hbox (46.0859pt too wide) in paragraph at lines 662--675
[][] 
 []


Underfull \hbox (badness 10000) in paragraph at lines 662--675

 []


Underfull \hbox (badness 10000) in paragraph at lines 677--683

 []

<images/ssl_reordering.png, id=99, 919.18407pt x 298.86656pt>
File: images/ssl_reordering.png Graphic file (type png)
<use images/ssl_reordering.png>
Package pdftex.def Info: images/ssl_reordering.png  used on input line 687.
(pdftex.def)             Requested size: 183.83356pt x 59.77225pt.

Overfull \hbox (47.71872pt too wide) in paragraph at lines 685--693
[] 
 []


Underfull \hbox (badness 10000) in paragraph at lines 685--693

 []

<images/ssl_record.png, id=100, 1917.41344pt x 295.85532pt>
File: images/ssl_record.png Graphic file (type png)
<use images/ssl_record.png>
Package pdftex.def Info: images/ssl_record.png  used on input line 697.
(pdftex.def)             Requested size: 210.91612pt x 32.54417pt.

Overfull \hbox (44.20053pt too wide) in paragraph at lines 695--700
[] 
 []


Underfull \hbox (badness 10000) in paragraph at lines 695--700

 []


Overfull \hbox (18.3866pt too wide) in paragraph at lines 702--710
[] 
 []

<images/tls_13_zero_rtt.png, id=101, 1021.56656pt x 450.18187pt>
File: images/tls_13_zero_rtt.png Graphic file (type png)
<use images/tls_13_zero_rtt.png>
Package pdftex.def Info: images/tls_13_zero_rtt.png  used on input line 727.
(pdftex.def)             Requested size: 337.11801pt x 148.56047pt.

Overfull \hbox (31.7441pt too wide) in paragraph at lines 726--730
[][] 
 []


Underfull \hbox (badness 10000) in paragraph at lines 726--730

 []


Overfull \vbox (1.79988pt too high) has occurred while \output is active []


[9 <./images/ssl_handshake.png> <./images/ssl_reordering.png> <./images/ssl_rec
ord.png>]
<images/ets_middleboxes.png, id=110, 941.76843pt x 415.5525pt>
File: images/ets_middleboxes.png Graphic file (type png)
<use images/ets_middleboxes.png>
Package pdftex.def Info: images/ets_middleboxes.png  used on input line 736.
(pdftex.def)             Requested size: 258.97993pt x 114.27411pt.

Overfull \hbox (56.75537pt too wide) in paragraph at lines 735--743
[] 
 []


Underfull \hbox (badness 10000) in paragraph at lines 735--743

 []


Underfull \hbox (badness 10000) in paragraph at lines 747--750

 []

<images/vpn.png, id=111, 2297.58376pt x 350.81062pt>
File: images/vpn.png Graphic file (type png)
<use images/vpn.png>
Package pdftex.def Info: images/vpn.png  used on input line 752.
(pdftex.def)             Requested size: 551.43138pt x 84.19626pt.

Overfull \hbox (59.1628pt too wide) in paragraph at lines 752--753
[][] 
 []

<images/vpn_tunneling.png, id=112, 736.25063pt x 237.88875pt>
File: images/vpn_tunneling.png Graphic file (type png)
<use images/vpn_tunneling.png>
Package pdftex.def Info: images/vpn_tunneling.png  used on input line 757.
(pdftex.def)             Requested size: 242.96346pt x 78.50352pt.

Overfull \hbox (64.6931pt too wide) in paragraph at lines 756--760
[][] 
 []


Underfull \hbox (badness 10000) in paragraph at lines 756--760

 []


Overfull \vbox (1.79988pt too high) has occurred while \output is active []


[10 <./images/tls_13_zero_rtt.png> <./images/ets_middleboxes.png> <./images/vpn
.png> <./images/vpn_tunneling.png>]
<images/ipsec_transport_tunnel_mode.png, id=122, 698.61pt x 191.9672pt>
File: images/ipsec_transport_tunnel_mode.png Graphic file (type png)
<use images/ipsec_transport_tunnel_mode.png>
Package pdftex.def Info: images/ipsec_transport_tunnel_mode.png  used on input 
line 785.
(pdftex.def)             Requested size: 244.51715pt x 67.18951pt.

Overfull \hbox (62.33783pt too wide) in paragraph at lines 784--788
[][] 
 []


Underfull \hbox (badness 10000) in paragraph at lines 784--788

 []


Underfull \hbox (badness 10000) in paragraph at lines 801--804

 []


Underfull \hbox (badness 10000) in paragraph at lines 826--828

 []


Overfull \vbox (1.79988pt too high) has occurred while \output is active []


[11 <./images/ipsec_transport_tunnel_mode.png>]
Underfull \hbox (badness 10000) in paragraph at lines 833--834

 []

<images/wep_encryption_decryption.png, id=131, 512.66531pt x 555.57562pt>
File: images/wep_encryption_decryption.png Graphic file (type png)
<use images/wep_encryption_decryption.png>
Package pdftex.def Info: images/wep_encryption_decryption.png  used on input li
ne 837.
(pdftex.def)             Requested size: 253.76619pt x 275.00653pt.

Overfull \hbox (64.3817pt too wide) in paragraph at lines 836--858
[][] 
 []


Underfull \hbox (badness 10000) in paragraph at lines 836--858

 []


Overfull \hbox (25.65602pt too wide) in paragraph at lines 860--867
[] 
 []


Overfull \hbox (36.05374pt too wide) in paragraph at lines 860--867
[] 
 []


Underfull \hbox (badness 10000) in paragraph at lines 860--867

 []


Overfull \hbox (28.8228pt too wide) in paragraph at lines 869--871
[] 
 []


Underfull \hbox (badness 10000) in paragraph at lines 869--871

 []


Underfull \hbox (badness 10000) in paragraph at lines 873--876

 []


Underfull \hbox (badness 10000) in paragraph at lines 878--880

 []


Underfull \hbox (badness 10000) in paragraph at lines 882--885

 []


Overfull \vbox (1.79988pt too high) has occurred while \output is active []


[12 <./images/wep_encryption_decryption.png>]
<images/dns_hierarchie.png, id=137, 857.45343pt x 217.5628pt>
File: images/dns_hierarchie.png Graphic file (type png)
<use images/dns_hierarchie.png>
Package pdftex.def Info: images/dns_hierarchie.png  used on input line 906.
(pdftex.def)             Requested size: 171.48764pt x 43.51178pt.

Overfull \vbox (23.32434pt too high) detected at line 906
 []


Overfull \hbox (47.6807pt too wide) in paragraph at lines 895--914
 | [] 
 []


Underfull \hbox (badness 10000) in paragraph at lines 895--914

 []

<images/rrset.png, id=138, 440.39531pt x 301.8778pt>
File: images/rrset.png Graphic file (type png)
<use images/rrset.png>
Package pdftex.def Info: images/rrset.png  used on input line 918.
(pdftex.def)             Requested size: 143.12677pt x 98.10912pt.
<images/rrsig.png, id=139, 502.87875pt x 278.54062pt>
File: images/rrsig.png Graphic file (type png)
<use images/rrsig.png>
Package pdftex.def Info: images/rrsig.png  used on input line 925.
(pdftex.def)             Requested size: 157.14922pt x 87.04372pt.
<images/dnskey.png, id=140, 757.32938pt x 268.00125pt>
File: images/dnskey.png Graphic file (type png)
<use images/dnskey.png>
Package pdftex.def Info: images/dnskey.png  used on input line 932.
(pdftex.def)             Requested size: 227.20056pt x 80.40099pt.
<images/kskzsk.png, id=141, 733.23938pt x 225.09094pt>
File: images/kskzsk.png Graphic file (type png)
<use images/kskzsk.png>
Package pdftex.def Info: images/kskzsk.png  used on input line 941.
(pdftex.def)             Requested size: 219.97351pt x 67.52779pt.

Overfull \hbox (31.7083pt too wide) in paragraph at lines 940--950
[][] 
 []


Overfull \hbox (34.28122pt too wide) in paragraph at lines 966--969
[] 
 []


Overfull \vbox (1.79988pt too high) has occurred while \output is active []


[13 <./images/dns_hierarchie.png> <./images/rrset.png> <./images/rrsig.png> <./
images/dnskey.png> <./images/kskzsk.png>]
<images/dns_over_https.png, id=160, 714.41907pt x 294.34969pt>
File: images/dns_over_https.png Graphic file (type png)
<use images/dns_over_https.png>
Package pdftex.def Info: images/dns_over_https.png  used on input line 978.
(pdftex.def)             Requested size: 285.76256pt x 117.73778pt.

Overfull \hbox (68.88687pt too wide) in paragraph at lines 977--993
[] 
 []

<images/dns_over_tls_https.png, id=161, 681.29532pt x 307.90031pt>
File: images/dns_over_tls_https.png Graphic file (type png)
<use images/dns_over_tls_https.png>
Package pdftex.def Info: images/dns_over_tls_https.png  used on input line 994.

(pdftex.def)             Requested size: 289.55188pt x 130.85825pt.

Overfull \hbox (18.38321pt too wide) in paragraph at lines 1020--1039
 [] 
 []


Overfull \vbox (1.79988pt too high) has occurred while \output is active []


[14 <./images/dns_over_https.png> <./images/dns_over_tls_https.png>]
Overfull \hbox (24.02428pt too wide) in paragraph at lines 1050--1053
[] 
 []

<images/playout_buffer.png, id=173, 823.57687pt x 645.16031pt>
File: images/playout_buffer.png Graphic file (type png)
<use images/playout_buffer.png>
Package pdftex.def Info: images/playout_buffer.png  used on input line 1065.
(pdftex.def)             Requested size: 288.25623pt x 225.80948pt.

Overfull \hbox (66.47711pt too wide) in paragraph at lines 1064--1081
[] 
 []


Overfull \hbox (10.48563pt too wide) in paragraph at lines 1083--1088
[] 
 []

<images/streaming_tcp.png, id=174, 752.8125pt x 152.82094pt>
File: images/streaming_tcp.png Graphic file (type png)
<use images/streaming_tcp.png>
Package pdftex.def Info: images/streaming_tcp.png  used on input line 1092.
(pdftex.def)             Requested size: 263.48831pt x 53.48811pt.

Overfull \hbox (24.25613pt too wide) in paragraph at lines 1090--1100
[] 
 []


Overfull \vbox (1.79988pt too high) has occurred while \output is active []


[15 <./images/playout_buffer.png> <./images/streaming_tcp.png>]
<images/rtsp.png, id=184, 384.6872pt x 438.13687pt>
File: images/rtsp.png Graphic file (type png)
<use images/rtsp.png>
Package pdftex.def Info: images/rtsp.png  used on input line 1129.
(pdftex.def)             Requested size: 173.10764pt x 197.15976pt.

Overfull \hbox (49.37006pt too wide) in paragraph at lines 1128--1143
[] 
 []

<images/cdn.png, id=185, 697.8572pt x 347.04657pt>
File: images/cdn.png Graphic file (type png)
<use images/cdn.png>
Package pdftex.def Info: images/cdn.png  used on input line 1148.
(pdftex.def)             Requested size: 244.25368pt x 121.46811pt.

Overfull \hbox (10.40814pt too wide) in paragraph at lines 1147--1161
[] 
 []

<images/cdn_2.png, id=186, 779.91376pt x 175.40532pt>
File: images/cdn_2.png Graphic file (type png)
<use images/cdn_2.png>
Package pdftex.def Info: images/cdn_2.png  used on input line 1179.
(pdftex.def)             Requested size: 272.9739pt x 61.39278pt.

Overfull \hbox (64.84703pt too wide) in paragraph at lines 1163--1186
[][]
 []


Underfull \hbox (badness 10000) in paragraph at lines 1190--1193

 []


Overfull \vbox (1.79988pt too high) has occurred while \output is active []


[16 <./images/rtsp.png> <./images/cdn.png> <./images/cdn_2.png>]
<images/voip_feste_verzoegerung.png, id=195, 817.55438pt x 331.99031pt>
File: images/voip_feste_verzoegerung.png Graphic file (type png)
<use images/voip_feste_verzoegerung.png>
Package pdftex.def Info: images/voip_feste_verzoegerung.png  used on input line
 1208.
(pdftex.def)             Requested size: 269.79378pt x 109.55713pt.

Underfull \hbox (badness 10000) in paragraph at lines 1213--1217

 []

<images/voip_paketverlust.png, id=196, 1168.365pt x 421.575pt>
File: images/voip_paketverlust.png Graphic file (type png)
<use images/voip_paketverlust.png>
Package pdftex.def Info: images/voip_paketverlust.png  used on input line 1228.

(pdftex.def)             Requested size: 467.33772pt x 168.627pt.

Underfull \hbox (badness 10000) in paragraph at lines 1227--1230

 []


Overfull \vbox (1.79988pt too high) has occurred while \output is active []


[17 <./images/voip_feste_verzoegerung.png> <./images/voip_paketverlust.png>]
<images/rtp_header.png, id=202, 484.81125pt x 296.60812pt>
File: images/rtp_header.png Graphic file (type png)
<use images/rtp_header.png>
Package pdftex.def Info: images/rtp_header.png  used on input line 1262.
(pdftex.def)             Requested size: 206.04575pt x 126.05904pt.

Overfull \hbox (27.20384pt too wide) in paragraph at lines 1241--1269
[]
 []


Package caption Warning: Unused \captionsetup[lstlisting] on input line 148.
See the caption package documentation for explanation.

Package atveryend Info: Empty hook `BeforeClearDocument' on input line 1270.

Overfull \vbox (1.79988pt too high) has occurred while \output is active []


[18 <./images/rtp_header.png>]
Package atveryend Info: Empty hook `AfterLastShipout' on input line 1270.
 (document.aux)
Package atveryend Info: Executing hook `AtVeryEndDocument' on input line 1270.
Package atveryend Info: Executing hook `AtEndAfterFileList' on input line 1270.

Package rerunfilecheck Info: File `document.out' has not changed.
(rerunfilecheck)             Checksum: D41D8CD98F00B204E9800998ECF8427E;0.
Package atveryend Info: Empty hook `AtVeryVeryEnd' on input line 1270.
 ) 
Here is how much of TeX's memory you used:
 13950 strings out of 492895
 222816 string characters out of 3133483
 647041 words of memory out of 3000000
 17532 multiletter control sequences out of 15000+200000
 46493 words of font info for 35 fonts, out of 3000000 for 9000
 1141 hyphenation exceptions out of 8191
 57i,20n,100p,9089b,467s stack positions out of 5000i,500n,10000p,200000b,50000s
{C:/Program Files/MiKTeX 2.9/fonts/enc/dvips/lm/lm-ec.enc}{C:/Program Files/M
iKTeX 2.9/fonts/enc/dvips/lm/lm-mathsy.enc}{C:/Program Files/MiKTeX 2.9/fonts/e
nc/dvips/lm/lm-rm.enc}{C:/Program Files/MiKTeX 2.9/fonts/enc/dvips/lm/lm-mathit
.enc}{C:/Program Files/MiKTeX 2.9/fonts/enc/dvips/lm/lm-mathex.enc}<C:/Program 
Files/MiKTeX 2.9/fonts/type1/public/lm/lmbx8.pfb><C:/Program Files/MiKTeX 2.9/f
onts/type1/public/lm/lmbxi10.pfb><C:/Program Files/MiKTeX 2.9/fonts/type1/publi
c/lm/lmex10.pfb><C:/Program Files/MiKTeX 2.9/fonts/type1/public/lm/lmmi5.pfb><C
:/Program Files/MiKTeX 2.9/fonts/type1/public/lm/lmmi6.pfb><C:/Program Files/Mi
KTeX 2.9/fonts/type1/public/lm/lmmi8.pfb><C:/Program Files/MiKTeX 2.9/fonts/typ
e1/public/lm/lmr10.pfb><C:/Program Files/MiKTeX 2.9/fonts/type1/public/lm/lmr5.
pfb><C:/Program Files/MiKTeX 2.9/fonts/type1/public/lm/lmr6.pfb><C:/Program Fil
es/MiKTeX 2.9/fonts/type1/public/lm/lmr8.pfb><C:/Program Files/MiKTeX 2.9/fonts
/type1/public/lm/lmri10.pfb><C:/Program Files/MiKTeX 2.9/fonts/type1/public/lm/
lmri8.pfb><C:/Program Files/MiKTeX 2.9/fonts/type1/public/lm/lmro8.pfb><C:/Prog
ram Files/MiKTeX 2.9/fonts/type1/public/lm/lmsy6.pfb><C:/Program Files/MiKTeX 2
.9/fonts/type1/public/lm/lmsy8.pfb>
Output written on document.pdf (18 pages, 2466003 bytes).
PDF statistics:
 372 PDF objects out of 1000 (max. 8388607)
 68 named destinations out of 1000 (max. 500000)
 434 words of extra memory for PDF output out of 10000 (max. 10000000)

